[2024-05-21 08:13:45] local.ERROR: Invalid route attempt: js/popper.js.map by user ID: 1  
[2024-05-21 08:16:19] local.ERROR: Invalid route attempt: js/popper.js.map by user ID: 1  
[2024-05-21 08:17:40] local.ERROR: Invalid route attempt: js/popper.js.map by user ID: 1  
[2024-05-21 08:18:20] local.ERROR: Invalid route attempt: js/popper.js.map by user ID: 1  
[2024-05-21 08:26:22] local.ERROR: Invalid route attempt: js/popper.js.map by user ID: 1  
[2024-05-21 08:26:22] local.ERROR: Invalid route attempt: js/popper.js.map by user ID: 1  
[2024-05-21 08:26:22] local.ERROR: Invalid route attempt: js/popper.js.map by user ID: 1  
[2024-05-21 08:26:23] local.ERROR: Invalid route attempt: js/popper.js.map by user ID: 1  
[2024-05-21 08:28:43] local.ERROR: Invalid route attempt: js/popper.js.map by user ID: 1  
[2024-05-21 08:33:59] local.ERROR: Invalid route attempt: js/popper.js.map by user ID: 1  
[2024-05-21 08:37:22] local.ERROR: Invalid route attempt: js/popper.js.map by user ID: 1  
[2024-05-21 08:41:25] local.ERROR: Invalid route attempt: js/popper.js.map by user ID: 1  
[2024-05-21 09:14:16] local.ERROR: Invalid route attempt: js/popper.js.map by user ID: 1  
[2024-05-21 11:07:16] local.INFO: User Admin with ID - 1 just added the new asset with ID - 47  
[2024-05-21 11:07:49] local.INFO: User Admin with ID - 1 just added the new asset with ID - 48  
[2024-05-21 11:08:37] local.INFO: User Admin with ID - 1 just added the new asset with ID - 49  
[2024-05-21 11:09:07] local.INFO: User Admin with ID - 1 just added the new asset with ID - 50  
[2024-05-21 11:09:34] local.INFO: User Admin with ID - 1 just added the new asset with ID - 51  
[2024-05-21 11:10:09] local.INFO: User Admin with ID - 1 just added the new asset with ID - 52  
[2024-05-21 11:12:03] local.INFO: User Admin with ID - 1 just added the new asset with ID - 53  
[2024-05-21 11:13:31] local.INFO: User Admin with ID - 1 just added the new asset with ID - 54  
[2024-05-21 11:14:03] local.INFO: User Admin with ID - 1 just added the new asset with ID - 55  
[2024-05-21 11:14:30] local.INFO: User Admin with ID - 1 just added the new asset with ID - 56  
[2024-05-21 12:05:51] local.ERROR: Invalid route attempt: js/popper.js.map by user ID: 1  
[2024-05-21 12:06:36] local.ERROR: Invalid route attempt: js/popper.js.map by user ID: 1  
[2024-05-21 12:07:47] local.ERROR: Invalid route attempt: js/popper.js.map by user ID: 1  
[2024-05-21 12:08:06] local.ERROR: Invalid route attempt: js/popper.js.map by user ID: 1  
[2024-05-21 12:08:12] local.ERROR: Invalid route attempt: js/popper.js.map by user ID: 1  
[2024-05-21 12:08:21] local.ERROR: Invalid route attempt: js/popper.js.map by user ID: 1  
[2024-05-21 12:09:08] local.ERROR: Invalid route attempt: js/popper.js.map by user ID: 1  
[2024-05-21 12:09:29] local.ERROR: Invalid route attempt: js/popper.js.map by user ID: 1  
[2024-05-21 12:09:41] local.ERROR: Invalid route attempt: js/popper.js.map by user ID: 1  
[2024-05-21 12:10:30] local.ERROR: Invalid route attempt: js/popper.js.map by user ID: 1  
[2024-05-21 12:11:14] local.ERROR: Invalid route attempt: js/popper.js.map by user ID: 1  
[2024-05-21 12:11:28] local.ERROR: Invalid route attempt: js/popper.js.map by user ID: 1  
[2024-05-21 12:11:52] local.ERROR: Invalid route attempt: js/popper.js.map by user ID: 1  
[2024-05-21 12:13:21] local.ERROR: Invalid route attempt: js/popper.js.map by user ID: 1  
[2024-05-21 12:13:50] local.ERROR: Invalid route attempt: js/popper.js.map by user ID: 1  
[2024-05-21 13:53:49] local.ERROR: Invalid route attempt: js/popper.js.map by user ID: 1  
[2024-05-21 13:54:03] local.ERROR: Invalid route attempt: js/popper.js.map by user ID: 1  
[2024-05-21 13:56:01] local.ERROR: Invalid route attempt: js/popper.js.map by user ID: 1  
[2024-05-21 14:05:52] local.ERROR: Invalid route attempt: js/popper.js.map by user ID: 1  
[2024-05-21 14:06:47] local.ERROR: Invalid route attempt: js/popper.js.map by user ID: 1  
[2024-05-21 14:07:25] local.ERROR: Invalid route attempt: js/popper.js.map by user ID: 1  
[2024-05-21 14:07:58] local.ERROR: Invalid route attempt: js/popper.js.map by user ID: 1  
[2024-05-21 14:08:32] local.ERROR: Invalid route attempt: js/popper.js.map by user ID: 1  
[2024-05-21 14:09:23] local.ERROR: Invalid route attempt: js/popper.js.map by user ID: 1  
[2024-05-21 14:11:03] local.ERROR: Invalid route attempt: js/popper.js.map by user ID: 1  
[2024-05-21 14:26:35] local.ERROR: Invalid route attempt: js/popper.js.map by user ID: 1  
[2024-05-21 14:26:40] local.ERROR: Invalid route attempt: js/popper.js.map by user ID: 1  
[2024-05-21 14:27:45] local.ERROR: Invalid route attempt: js/popper.js.map by user ID: 1  
[2024-05-21 14:28:43] local.ERROR: Invalid route attempt: js/popper.js.map by user ID: 1  
[2024-05-21 14:30:03] local.ERROR: Invalid route attempt: js/popper.js.map by user ID: 1  
[2024-05-21 14:30:14] local.ERROR: Invalid route attempt: js/popper.js.map by user ID: 1  
[2024-05-21 14:31:59] local.ERROR: Invalid route attempt: js/popper.js.map by user ID: 1  
[2024-05-21 14:32:34] local.ERROR: Invalid route attempt: js/popper.js.map by user ID: 1  
[2024-05-21 14:33:11] local.ERROR: Invalid route attempt: js/popper.js.map by user ID: 1  
[2024-05-21 14:39:10] local.ERROR: Invalid route attempt: js/popper.js.map by user ID: 1  
[2024-05-21 14:42:25] local.ERROR: Invalid route attempt: js/popper.js.map by user ID: 1  
[2024-05-21 14:43:03] local.ERROR: Invalid route attempt: js/popper.js.map by user ID: 1  
[2024-05-21 14:43:39] local.ERROR: Invalid route attempt: js/popper.js.map by user ID: 1  
[2024-05-21 14:44:26] local.ERROR: Invalid route attempt: js/popper.js.map by user ID: 1  
[2024-05-21 14:45:43] local.ERROR: Invalid route attempt: js/popper.js.map by user ID: 1  
[2024-05-21 14:46:19] local.ERROR: Invalid route attempt: js/popper.js.map by user ID: 1  
[2024-05-21 14:47:14] local.ERROR: Invalid route attempt: js/popper.js.map by user ID: 1  
[2024-05-21 14:47:43] local.ERROR: Invalid route attempt: js/popper.js.map by user ID: 1  
[2024-05-21 14:48:07] local.ERROR: Invalid route attempt: js/popper.js.map by user ID: 1  
[2024-05-21 14:49:09] local.ERROR: Invalid route attempt: js/popper.js.map by user ID: 1  
[2024-05-21 14:50:32] local.ERROR: Invalid route attempt: js/popper.js.map by user ID: 1  
[2024-05-21 14:50:46] local.ERROR: Invalid route attempt: js/popper.js.map by user ID: 1  
[2024-05-21 14:51:00] local.ERROR: Invalid route attempt: js/popper.js.map by user ID: 1  
[2024-05-21 14:51:14] local.ERROR: Invalid route attempt: js/popper.js.map by user ID: 1  
[2024-05-21 14:51:27] local.ERROR: Invalid route attempt: js/popper.js.map by user ID: 1  
[2024-05-21 14:51:40] local.ERROR: Invalid route attempt: js/popper.js.map by user ID: 1  
[2024-05-21 14:51:58] local.ERROR: Invalid route attempt: js/popper.js.map by user ID: 1  
[2024-05-21 14:52:10] local.ERROR: Invalid route attempt: js/popper.js.map by user ID: 1  
[2024-05-21 14:52:28] local.ERROR: Invalid route attempt: js/popper.js.map by user ID: 1  
[2024-05-21 14:52:48] local.ERROR: Invalid route attempt: js/popper.js.map by user ID: 1  
[2024-05-21 14:56:17] local.ERROR: Invalid route attempt: js/popper.js.map by user ID: 1  
[2024-05-21 15:25:12] local.ERROR: Invalid route attempt: js/popper.js.map by user ID: 1  
[2024-05-21 15:25:22] local.ERROR: Invalid route attempt: js/popper.js.map by user ID: 1  
[2024-05-21 15:26:00] local.ERROR: Invalid route attempt: js/popper.js.map by user ID: 1  
[2024-05-21 15:26:23] local.ERROR: Invalid route attempt: js/popper.js.map by user ID: 1  
[2024-05-21 15:28:11] local.ERROR: Invalid route attempt: js/popper.js.map by user ID: 1  
[2024-05-21 15:28:38] local.ERROR: Invalid route attempt: js/popper.js.map by user ID: 1  
[2024-05-21 15:30:32] local.ERROR: Invalid route attempt: js/popper.js.map by user ID: 1  
[2024-05-21 15:31:42] local.ERROR: Invalid route attempt: js/popper.js.map by user ID: 1  
[2024-05-21 15:32:08] local.ERROR: Invalid route attempt: js/popper.js.map by user ID: 1  
[2024-05-21 15:38:24] local.ERROR: Invalid route attempt: js/popper.js.map by user ID: 1  
[2024-05-21 15:38:26] local.ERROR: Invalid route attempt: models/listing by user ID: 1  
[2024-05-21 15:38:29] local.ERROR: Invalid route attempt: skus/listing by user ID: 1  
[2024-05-21 15:38:31] local.ERROR: Invalid route attempt: models/listing by user ID: 1  
[2024-05-21 15:39:34] local.ERROR: Invalid route attempt: js/popper.js.map by user ID: 1  
[2024-05-21 15:46:09] local.ERROR: Invalid route attempt: js/popper.js.map by user ID: 1  
[2024-05-21 15:46:43] local.ERROR: Invalid route attempt: js/popper.js.map by user ID: 1  
[2024-05-21 15:48:15] local.ERROR: Invalid route attempt: js/popper.js.map by user ID: 1  
[2024-05-21 15:48:26] local.ERROR: Invalid route attempt: js/popper.js.map by user ID: 1  
[2024-05-21 15:48:55] local.ERROR: Invalid route attempt: js/popper.js.map by user ID: 1  
[2024-05-21 15:49:12] local.ERROR: Invalid route attempt: js/popper.js.map by user ID: 1  
[2024-05-21 15:49:19] local.ERROR: Invalid route attempt: js/popper.js.map by user ID: 1  
[2024-05-21 15:49:32] local.ERROR: Invalid route attempt: js/popper.js.map by user ID: 1  
[2024-05-21 15:52:36] local.ERROR: Invalid route attempt: js/popper.js.map by user ID: 1  
[2024-05-21 15:53:06] local.ERROR: Invalid route attempt: js/popper.js.map by user ID: 1  
[2024-05-21 15:53:44] local.ERROR: Invalid route attempt: js/popper.js.map by user ID: 1  
[2024-05-21 15:53:46] local.ERROR: SQLSTATE[42S22]: Column not found: 1054 Unknown column 'user_id' in 'field list' (SQL: insert into `brands` (`user_id`, `created_at`, `is_active`, `updated_at`) values (1, 2024-05-21 15:53:46, 1, 2024-05-21 15:53:46))  
[2024-05-21 15:56:21] local.ERROR: Invalid route attempt: js/popper.js.map by user ID: 1  
[2024-05-21 15:56:24] local.ERROR: SQLSTATE[HY000]: General error: 1364 Field 'name' doesn't have a default value (SQL: insert into `brands` (`user_id`, `created_at`, `is_active`, `updated_at`) values (1, 2024-05-21 15:56:24, 1, 2024-05-21 15:56:24))  
[2024-05-21 15:57:29] local.ERROR: Invalid route attempt: js/popper.js.map by user ID: 1  
[2024-05-21 15:57:31] local.ERROR: Undefined variable: newCustomer  
[2024-05-21 15:57:43] local.ERROR: Invalid route attempt: js/popper.js.map by user ID: 1  
[2024-05-21 15:58:39] local.ERROR: Invalid route attempt: js/popper.js.map by user ID: 1  
[2024-05-21 15:58:43] local.INFO: User Admin with ID - 1 just added a new brand with ID - 2  
[2024-05-21 15:58:43] local.ERROR: Undefined variable: newCustomer  
[2024-05-21 15:59:03] local.ERROR: Invalid route attempt: js/popper.js.map by user ID: 1  
[2024-05-21 15:59:08] local.INFO: User Admin with ID - 1 just added a new brand with ID - 3  
[2024-05-21 16:02:07] local.INFO: User Admin with ID - 1 just added a new brand with ID - 4  
[2024-05-21 16:12:49] local.ERROR: Invalid route attempt: js/popper.js.map by user ID: 1  
[2024-05-21 16:13:07] local.ERROR: Invalid route attempt: js/popper.js.map by user ID: 1  
[2024-05-21 16:13:45] local.ERROR: Invalid route attempt: js/popper.js.map by user ID: 1  
[2024-05-21 16:13:53] local.ERROR: Invalid route attempt: js/popper.js.map by user ID: 1  
[2024-05-21 16:16:35] local.ERROR: Invalid route attempt: js/popper.js.map by user ID: 1  
[2024-05-21 16:18:42] local.ERROR: Invalid route attempt: js/popper.js.map by user ID: 1  
[2024-05-21 16:18:58] local.ERROR: Invalid route attempt: js/popper.js.map by user ID: 1  
[2024-05-21 16:20:44] local.ERROR: Invalid route attempt: js/popper.js.map by user ID: 1  
[2024-05-21 16:20:49] local.INFO: User Admin with ID - 1 just deleted the component ID - 14  
[2024-05-21 16:20:56] local.ERROR: Invalid route attempt: js/popper.js.map by user ID: 1  
[2024-05-21 16:22:03] local.ERROR: Invalid route attempt: js/popper.js.map by user ID: 1  
[2024-05-21 16:22:58] local.ERROR: Invalid route attempt: js/popper.js.map by user ID: 1  
[2024-05-21 16:23:04] local.INFO: User Admin with ID - 1 just deleted the asset ID - 52  
[2024-05-21 16:25:55] local.ERROR: Invalid route attempt: js/popper.js.map by user ID: 1  
[2024-05-21 16:26:05] local.ERROR: Invalid route attempt: brand/show/4 by user ID: 1  
[2024-05-21 16:26:48] local.ERROR: Invalid route attempt: js/popper.js.map by user ID: 1  
[2024-05-21 16:28:18] local.ERROR: Invalid route attempt: js/popper.js.map by user ID: 1  
[2024-05-21 16:28:43] local.ERROR: Invalid route attempt: js/popper.js.map by user ID: 1  
[2024-05-21 16:29:12] local.ERROR: Invalid route attempt: js/popper.js.map by user ID: 1  
[2024-05-21 16:29:15] local.INFO: User 1 with ID - 1 just updated the brand name - ID 4...  
[2024-05-21 16:29:46] local.ERROR: Invalid route attempt: js/popper.js.map by user ID: 1  
[2024-05-21 16:29:48] local.INFO: User 1 with ID - 1 just updated the brand name - ID 4...  
[2024-05-21 16:30:07] local.INFO: User 1 with ID - 1 just deleted the brand ID - 3  
[2024-05-21 16:30:11] local.ERROR: Invalid route attempt: js/popper.js.map by user ID: 1  
[2024-05-21 16:30:36] local.ERROR: Invalid route attempt: js/popper.js.map by user ID: 1  
[2024-05-21 16:30:39] local.INFO: User 1 with ID - 1 just deleted the brand ID - 4  
[2024-05-21 16:38:11] local.ERROR: Invalid route attempt: js/popper.js.map by user ID: 1  
[2024-05-21 16:43:28] local.ERROR: Invalid route attempt: js/popper.js.map by user ID: 1  
[2024-05-21 16:43:51] local.ERROR: Invalid route attempt: js/popper.js.map by user ID: 1  
[2024-05-21 16:44:21] local.ERROR: Invalid route attempt: js/popper.js.map by user ID: 1  
[2024-05-21 16:44:24] local.INFO: User 1 with ID - 1 just added a new model with ID - 1  
[2024-05-21 16:44:40] local.INFO: User 1 with ID - 1 just deleted the model ID - 1  
[2024-05-21 16:44:43] local.ERROR: Invalid route attempt: js/popper.js.map by user ID: 1  
[2024-05-21 16:44:48] local.INFO: User 1 with ID - 1 just added a new model with ID - 2  
[2024-05-21 16:45:52] local.ERROR: Invalid route attempt: js/popper.js.map by user ID: 1  
[2024-05-21 16:45:55] local.ERROR: Invalid route attempt: js/popper.js.map by user ID: 1  
[2024-05-21 16:50:28] local.ERROR: Invalid route attempt: js/popper.js.map by user ID: 1  
[2024-05-21 16:50:35] local.INFO: User 1 with ID - 1 just updated the model name - ID 2...  
[2024-05-21 16:51:02] local.ERROR: Invalid route attempt: js/popper.js.map by user ID: 1  
[2024-05-21 16:51:11] local.ERROR: Invalid route attempt: js/popper.js.map by user ID: 1  
[2024-05-21 16:56:06] local.ERROR: Invalid route attempt: js/popper.js.map by user ID: 1  
[2024-05-21 16:56:26] local.ERROR: Invalid route attempt: js/popper.js.map by user ID: 1  
[2024-05-21 16:57:28] local.ERROR: Invalid route attempt: js/popper.js.map by user ID: 1  
[2024-05-21 16:57:29] local.INFO: User 1 with ID - 1 just added a new SKU with ID - 1  
[2024-05-21 16:57:44] local.INFO: User 1 with ID - 1 just added a new SKU with ID - 2  
[2024-05-21 16:58:48] local.ERROR: Invalid route attempt: js/popper.js.map by user ID: 1  
[2024-05-21 16:59:19] local.ERROR: Invalid route attempt: js/popper.js.map by user ID: 1  
[2024-05-21 16:59:33] local.ERROR: Invalid route attempt: js/popper.js.map by user ID: 1  
[2024-05-21 17:02:47] local.ERROR: Invalid route attempt: js/popper.js.map by user ID: 1  
[2024-05-21 17:03:48] local.ERROR: Invalid route attempt: js/popper.js.map by user ID: 1  
[2024-05-21 17:05:18] local.ERROR: Invalid route attempt: js/popper.js.map by user ID: 1  
[2024-05-21 17:05:20] local.INFO: User 1 with ID - 1 just updated the SKU code - ID 2...  
[2024-05-21 17:05:34] local.INFO: User 1 with ID - 1 just updated the SKU code - ID 2...  
[2024-05-21 17:05:58] local.ERROR: Invalid route attempt: js/popper.js.map by user ID: 1  
[2024-05-21 17:07:50] local.ERROR: Invalid route attempt: js/popper.js.map by user ID: 1  
[2024-05-21 17:07:57] local.INFO: User 1 with ID - 1 just updated the SKU code - ID 2...  
[2024-05-21 17:09:33] local.ERROR: Invalid route attempt: js/popper.js.map by user ID: 1  
[2024-05-21 17:10:02] local.INFO: User 1 with ID - 1 just added a new model with ID - 3  
[2024-05-21 17:10:21] local.INFO: User 1 with ID - 1 just updated the model name - ID 3...  
[2024-05-21 17:17:48] local.ERROR: Invalid route attempt: js/popper.js.map by user ID: 1  
[2024-05-21 17:18:45] local.ERROR: Invalid route attempt: js/popper.js.map by user ID: 1  
[2024-05-21 17:21:11] local.ERROR: Invalid route attempt: js/popper.js.map by user ID: 1  
[2024-05-21 17:23:18] local.INFO: User 1 with ID - 1 just added the new asset with ID - 57  
[2024-05-21 17:26:12] local.ERROR: Invalid route attempt: js/popper.js.map by user ID: 1  
[2024-05-21 17:26:45] local.ERROR: Invalid route attempt: js/popper.js.map by user ID: 1  
[2024-05-21 17:27:52] local.ERROR: Invalid route attempt: js/popper.js.map by user ID: 1  
[2024-05-21 17:29:09] local.ERROR: Invalid route attempt: js/popper.js.map by user ID: 1  
[2024-05-21 17:29:30] local.ERROR: Invalid route attempt: js/popper.js.map by user ID: 1  
[2024-05-21 17:29:59] local.ERROR: Invalid route attempt: js/popper.js.map by user ID: 1  
[2024-05-21 17:30:03] local.ERROR: Invalid route attempt: js/popper.js.map by user ID: 1  
[2024-05-21 17:30:24] local.ERROR: Invalid route attempt: js/popper.js.map by user ID: 1  
[2024-05-21 17:30:32] local.ERROR: Invalid route attempt: js/popper.js.map by user ID: 1  
[2024-05-21 17:30:39] local.ERROR: Invalid route attempt: js/popper.js.map by user ID: 1  
[2024-05-21 17:31:37] local.ERROR: Invalid route attempt: js/popper.js.map by user ID: 1  
[2024-05-21 17:31:40] local.ERROR: Invalid route attempt: js/popper.js.map by user ID: 1  
[2024-05-21 17:32:05] local.ERROR: Invalid route attempt: js/popper.js.map by user ID: 1  
[2024-05-21 17:32:08] local.ERROR: Invalid route attempt: js/popper.js.map by user ID: 1  
[2024-05-21 17:32:19] local.ERROR: Invalid route attempt: js/popper.js.map by user ID: 1  
[2024-05-21 17:32:27] local.ERROR: Invalid route attempt: js/popper.js.map by user ID: 1  
[2024-05-21 17:32:28] local.ERROR: Invalid route attempt: js/popper.js.map by user ID: 1  
[2024-05-21 17:33:11] local.ERROR: Invalid route attempt: js/popper.js.map by user ID: 1  
[2024-05-21 17:35:30] local.ERROR: Invalid route attempt: js/popper.js.map by user ID: 1  
[2024-05-21 17:36:08] local.ERROR: Invalid route attempt: js/popper.js.map by user ID: 1  
[2024-05-21 17:36:33] local.ERROR: Invalid route attempt: js/popper.js.map by user ID: 1  
[2024-05-21 17:37:49] local.ERROR: Invalid route attempt: js/popper.js.map by user ID: 1  
[2024-05-21 17:37:55] local.ERROR: Invalid route attempt: js/popper.js.map by user ID: 1  
[2024-05-21 17:38:35] local.ERROR: Invalid route attempt: js/popper.js.map by user ID: 1  
[2024-05-21 17:38:42] local.INFO: User 1 with ID - 1 just added the new asset with ID - 57  
