[2024-07-02 09:54:53] local.ERROR: Invalid route attempt: js/popper.js.map by user ID: 1  
[2024-07-02 09:54:59] local.ERROR: Invalid route attempt: js/popper.js.map by user ID: 1  
[2024-07-02 09:58:15] local.ERROR: Invalid route attempt: js/popper.js.map by user ID: 1  
[2024-07-02 09:58:20] local.ERROR: Invalid route attempt: js/popper.js.map by user ID: 1  
[2024-07-02 09:59:47] local.ERROR: SQLSTATE[23000]: Integrity constraint violation: 1048 Column 'company_name' cannot be null (SQL: insert into `customers` (`name`, `email`, `company_name`, `company_address`, `contact_number`, `country`, `reseller_name`, `user_id`, `created_at`, `is_active`, `updated_at`) values (q, q@gmail.com, ?, ?, ?, ?, ?, 1, 2024-07-02 09:59:47, 1, 2024-07-02 09:59:47))  
[2024-07-02 10:00:29] local.ERROR: Invalid route attempt: js/popper.js.map by user ID: 1  
[2024-07-02 10:00:35] local.ERROR: Invalid route attempt: js/popper.js.map by user ID: 1  
[2024-07-02 10:00:44] local.ERROR: Invalid route attempt: js/popper.js.map by user ID: 1  
[2024-07-02 10:00:52] local.ERROR: Invalid route attempt: js/popper.js.map by user ID: 1  
[2024-07-02 10:00:58] local.ERROR: SQLSTATE[23000]: Integrity constraint violation: 1048 Column 'company_name' cannot be null (SQL: insert into `customers` (`name`, `email`, `company_name`, `company_address`, `contact_number`, `country`, `reseller_name`, `user_id`, `created_at`, `is_active`, `updated_at`) values (1, 1@gmail.com, ?, ?, ?, ?, ?, 1, 2024-07-02 10:00:58, 1, 2024-07-02 10:00:58))  
[2024-07-02 10:01:38] local.INFO: User 1 with ID - 1 just added a new customer with ID - 13  
[2024-07-02 10:01:53] local.ERROR: Invalid route attempt: js/popper.js.map by user ID: 1  
[2024-07-02 10:02:31] local.ERROR: Invalid route attempt: js/popper.js.map by user ID: 1  
[2024-07-02 10:05:14] local.ERROR: Invalid route attempt: js/popper.js.map by user ID: 1  
[2024-07-02 10:06:04] local.ERROR: Invalid route attempt: js/popper.js.map by user ID: 1  
[2024-07-02 10:06:42] local.ERROR: Invalid route attempt: js/popper.js.map by user ID: 1  
[2024-07-02 10:07:06] local.ERROR: Invalid route attempt: js/popper.js.map by user ID: 1  
[2024-07-02 10:07:47] local.ERROR: Invalid route attempt: js/popper.js.map by user ID: 1  
[2024-07-02 10:08:28] local.ERROR: Invalid route attempt: js/popper.js.map by user ID: 1  
[2024-07-02 10:08:30] local.ERROR: Invalid route attempt: js/popper.js.map by user ID: 1  
[2024-07-02 10:10:12] local.ERROR: Invalid route attempt: js/popper.js.map by user ID: 1  
[2024-07-02 10:12:23] local.ERROR: Invalid route attempt: js/popper.js.map by user ID: 1  
[2024-07-02 10:12:36] local.ERROR: Invalid route attempt: js/popper.js.map by user ID: 1  
[2024-07-02 10:13:13] local.ERROR: Invalid route attempt: js/popper.js.map by user ID: 1  
[2024-07-02 10:14:18] local.ERROR: Invalid route attempt: js/popper.js.map by user ID: 1  
[2024-07-02 10:14:36] local.INFO: User 1 with ID - 1 just updated the customer info with ID - 12  
[2024-07-02 10:15:23] local.ERROR: Invalid route attempt: js/popper.js.map by user ID: 1  
[2024-07-02 10:15:30] local.INFO: User 1 with ID - 1 just updated the customer info with ID - 12  
[2024-07-02 10:15:42] local.INFO: User 1 with ID - 1 just updated the customer info with ID - 12  
[2024-07-02 10:15:54] local.INFO: User 1 with ID - 1 just updated the customer info with ID - 12  
[2024-07-02 12:53:20] local.INFO: User 1 with ID - 1 just added a new brand with ID - 1  
[2024-07-02 12:57:31] local.INFO: User 1 with ID - 1 just added a new brand with ID - 2  
[2024-07-02 12:57:54] local.INFO: User 1 with ID - 1 just added a new brand with ID - 3  
[2024-07-02 12:58:23] local.INFO: User 1 with ID - 1 just added a new brand with ID - 4  
[2024-07-02 12:58:43] local.INFO: User 1 with ID - 1 just added a new brand with ID - 5  
[2024-07-02 12:59:02] local.INFO: User 1 with ID - 1 just added a new brand with ID - 6  
[2024-07-02 12:59:35] local.INFO: User 1 with ID - 1 just added a new brand with ID - 7  
[2024-07-02 12:59:50] local.INFO: User 1 with ID - 1 just added a new brand with ID - 8  
[2024-07-02 13:01:06] local.INFO: User 1 with ID - 1 just added a new brand with ID - 9  
[2024-07-02 13:02:08] local.INFO: User 1 with ID - 1 just added a new brand with ID - 10  
[2024-07-02 13:02:29] local.INFO: User 1 with ID - 1 just added a new brand with ID - 11  
[2024-07-02 13:02:46] local.INFO: User 1 with ID - 1 just added a new brand with ID - 12  
[2024-07-02 13:05:16] local.INFO: User 1 with ID - 1 just added a new brand with ID - 13  
[2024-07-02 13:05:43] local.INFO: User 1 with ID - 1 just added a new brand with ID - 14  
[2024-07-02 13:06:21] local.INFO: User 1 with ID - 1 just added a new brand with ID - 15  
[2024-07-02 13:06:56] local.INFO: User 1 with ID - 1 just added a new brand with ID - 16  
[2024-07-02 13:09:26] local.INFO: User 1 with ID - 1 just added a new brand with ID - 17  
[2024-07-02 13:10:00] local.INFO: User 1 with ID - 1 just added a new brand with ID - 18  
[2024-07-02 13:10:21] local.INFO: User 1 with ID - 1 just added a new brand with ID - 19  
[2024-07-02 13:10:57] local.INFO: User 1 with ID - 1 just added a new brand with ID - 20  
[2024-07-02 13:11:13] local.INFO: User 1 with ID - 1 just added a new brand with ID - 21  
[2024-07-02 13:12:57] local.INFO: User 1 with ID - 1 just added a new brand with ID - 22  
[2024-07-02 13:15:40] local.INFO: User 1 with ID - 1 just added a new model with ID - 1  
[2024-07-02 13:16:11] local.INFO: User 1 with ID - 1 just added a new model with ID - 2  
[2024-07-02 13:16:43] local.INFO: User 1 with ID - 1 just added a new model with ID - 3  
[2024-07-02 13:17:00] local.INFO: User 1 with ID - 1 just added a new model with ID - 4  
[2024-07-02 13:18:09] local.INFO: User 1 with ID - 1 just added a new brand with ID - 23  
[2024-07-02 13:18:41] local.INFO: User 1 with ID - 1 just added a new model with ID - 5  
[2024-07-02 13:18:59] local.INFO: User 1 with ID - 1 just added a new model with ID - 6  
[2024-07-02 14:17:52] local.INFO: User 1 with ID - 1 just added a new model with ID - 7  
[2024-07-02 14:18:16] local.INFO: User 1 with ID - 1 just added a new model with ID - 8  
[2024-07-02 14:18:47] local.INFO: User 1 with ID - 1 just added a new model with ID - 9  
[2024-07-02 14:19:23] local.INFO: User 1 with ID - 1 just added a new model with ID - 10  
[2024-07-02 14:29:02] local.INFO: User 1 with ID - 1 just added a new model with ID - 11  
[2024-07-02 14:29:20] local.INFO: User 1 with ID - 1 just updated the brand name - ID 15...  
[2024-07-02 14:29:48] local.INFO: User 1 with ID - 1 just added a new model with ID - 12  
[2024-07-02 14:30:05] local.INFO: User 1 with ID - 1 just added a new model with ID - 13  
[2024-07-02 14:30:22] local.INFO: User 1 with ID - 1 just added a new model with ID - 14  
[2024-07-02 14:32:25] local.INFO: User 1 with ID - 1 just added a new model with ID - 15  
[2024-07-02 14:32:39] local.INFO: User 1 with ID - 1 just added a new model with ID - 16  
[2024-07-02 14:32:57] local.INFO: User 1 with ID - 1 just added a new model with ID - 17  
[2024-07-02 14:33:16] local.INFO: User 1 with ID - 1 just added a new model with ID - 18  
[2024-07-02 14:35:26] local.INFO: User 1 with ID - 1 just added the new component info with ID - 1  
[2024-07-02 14:36:13] local.INFO: User 1 with ID - 1 just added the new component info with ID - 2  
[2024-07-02 14:36:47] local.INFO: User 1 with ID - 1 just deleted the component ID - 2  
[2024-07-02 14:36:54] local.INFO: User 1 with ID - 1 just deleted the component ID - 1  
[2024-07-02 14:37:30] local.INFO: User 1 with ID - 1 just updated the model name - ID 15...  
[2024-07-02 14:37:43] local.INFO: User 1 with ID - 1 just updated the model name - ID 16...  
[2024-07-02 14:37:55] local.INFO: User 1 with ID - 1 just updated the model name - ID 17...  
[2024-07-02 14:38:06] local.INFO: User 1 with ID - 1 just updated the model name - ID 18...  
[2024-07-02 14:43:59] local.ERROR: Invalid route attempt: com by user ID: 1  
[2024-07-02 14:46:55] local.INFO: User 1 with ID - 1 just added a new model with ID - 19  
[2024-07-02 14:47:32] local.INFO: User 1 with ID - 1 just updated the model name - ID 19...  
[2024-07-02 14:47:48] local.INFO: User 1 with ID - 1 just added a new model with ID - 20  
[2024-07-02 14:48:07] local.INFO: User 1 with ID - 1 just added a new model with ID - 21  
[2024-07-02 14:48:26] local.INFO: User 1 with ID - 1 just added a new model with ID - 22  
[2024-07-02 14:50:26] local.INFO: User 1 with ID - 1 just added the new component info with ID - 3  
[2024-07-02 14:50:41] local.INFO: User 1 with ID - 1 just deleted the component ID - 3  
[2024-07-02 14:56:13] local.INFO: User 1 with ID - 1 just updated the model name - ID 4...  
[2024-07-02 14:56:31] local.INFO: User 1 with ID - 1 just updated the model name - ID 3...  
[2024-07-02 14:56:52] local.INFO: User 1 with ID - 1 just updated the model name - ID 2...  
[2024-07-02 14:57:08] local.INFO: User 1 with ID - 1 just updated the model name - ID 1...  
[2024-07-02 14:58:00] local.INFO: User 1 with ID - 1 just updated the model name - ID 1...  
[2024-07-02 15:05:03] local.INFO: User 1 with ID - 1 just added a new model with ID - 23  
[2024-07-02 15:05:39] local.INFO: User 1 with ID - 1 just added a new model with ID - 24  
[2024-07-02 15:12:07] local.INFO: User 1 with ID - 1 just added the new component info with ID - 4  
[2024-07-02 15:13:10] local.INFO: User 1 with ID - 1 just added the new component info with ID - 5  
[2024-07-02 15:31:53] local.INFO: User 1 with ID - 1 just added the new component info with ID - 6  
[2024-07-02 15:34:14] local.INFO: User 1 with ID - 1 just added the new component info with ID - 7  
[2024-07-02 15:36:18] local.INFO: User 1 with ID - 1 just added the new component info with ID - 8  
[2024-07-02 15:38:18] local.INFO: User 1 with ID - 1 just added the new component info with ID - 9  
[2024-07-02 15:39:48] local.INFO: User 1 with ID - 1 just updated the component info ID - 8  
[2024-07-02 16:53:38] local.INFO: User 1 with ID - 1 just updated the component info ID - 8  
[2024-07-02 17:05:34] local.INFO: User 1 with ID - 1 just updated the component info ID - 8  
[2024-07-02 17:55:13] local.ERROR: Invalid route attempt: com by user ID: 1  
[2024-07-02 17:56:27] local.ERROR: Invalid route attempt: com by user ID: 1  
[2024-07-02 18:06:27] local.INFO: User 1 with ID - 1 just added the new component info with ID - 10  
[2024-07-02 18:08:25] local.INFO: User 1 with ID - 1 just added the new component info with ID - 11  
[2024-07-02 18:11:35] local.INFO: User 1 with ID - 1 just added the new component info with ID - 12  
[2024-07-02 18:12:24] local.INFO: User 1 with ID - 1 just updated the component info ID - 12  
[2024-07-02 18:13:51] local.INFO: User 1 with ID - 1 just added the new component info with ID - 13  
