[2024-07-03 15:00:05] local.ERROR: Invalid route attempt: com by user ID: 1  
[2024-07-03 15:01:59] local.INFO: User 1 with ID - 1 just added a new model with ID - 25  
[2024-07-03 15:08:05] local.INFO: User 1 with ID - 1 just added the new component info with ID - 14  
[2024-07-03 15:11:21] local.INFO: User 1 with ID - 1 just added a new model with ID - 26  
[2024-07-03 15:12:52] local.INFO: User 1 with ID - 1 just added the new component info with ID - 15  
[2024-07-03 15:14:38] local.INFO: User 1 with ID - 1 just added the new component info with ID - 16  
[2024-07-03 15:15:18] local.INFO: User 1 with ID - 1 just added the new component info with ID - 17  
[2024-07-03 15:16:09] local.INFO: User 1 with ID - 1 just added the new component info with ID - 18  
[2024-07-03 15:19:59] local.INFO: User 1 with ID - 1 just added the new component info with ID - 19  
[2024-07-03 15:20:56] local.INFO: User 1 with ID - 1 just added the new component info with ID - 20  
[2024-07-03 15:22:04] local.INFO: User 1 with ID - 1 just added the new component info with ID - 21  
[2024-07-03 15:22:46] local.INFO: User 1 with ID - 1 just added the new component info with ID - 22  
[2024-07-03 15:28:27] local.INFO: User 1 with ID - 1 just added a new SKU with ID - 1  
[2024-07-03 15:29:02] local.INFO: User 1 with ID - 1 just added a new SKU with ID - 2  
[2024-07-03 15:29:25] local.INFO: User 1 with ID - 1 just added a new SKU with ID - 3  
[2024-07-03 15:29:39] local.INFO: User 1 with ID - 1 just added a new SKU with ID - 4  
[2024-07-03 15:29:54] local.INFO: User 1 with ID - 1 just added a new SKU with ID - 5  
[2024-07-03 15:30:04] local.INFO: User 1 with ID - 1 just added a new SKU with ID - 6  
[2024-07-03 15:30:12] local.INFO: User 1 with ID - 1 just added a new SKU with ID - 7  
[2024-07-03 15:30:27] local.INFO: User 1 with ID - 1 just added a new SKU with ID - 8  
[2024-07-03 15:31:01] local.INFO: User 1 with ID - 1 just added a new brand with ID - 24  
[2024-07-03 15:31:45] local.INFO: User 1 with ID - 1 just added a new model with ID - 27  
[2024-07-03 15:32:06] local.INFO: User 1 with ID - 1 just added a new model with ID - 28  
[2024-07-03 15:32:23] local.INFO: User 1 with ID - 1 just added a new model with ID - 29  
[2024-07-03 15:33:15] local.INFO: User 1 with ID - 1 just updated the model name - ID 27...  
[2024-07-03 15:33:31] local.INFO: User 1 with ID - 1 just updated the model name - ID 28...  
[2024-07-03 15:33:47] local.INFO: User 1 with ID - 1 just updated the model name - ID 29...  
