[2024-05-28 09:10:03] local.ERROR: Invalid route attempt: js/popper.js.map by user ID: 1  
[2024-05-28 15:23:55] local.ERROR: Invalid route attempt: js/popper.js.map by user ID: 1  
[2024-05-28 15:23:56] local.ERROR: Invalid route attempt: js/popper.js.map by user ID: 1  
[2024-05-28 15:24:18] local.ERROR: Invalid route attempt: js/popper.js.map by user ID: 1  
[2024-05-28 15:24:55] local.ERROR: Invalid route attempt: js/popper.js.map by user ID: 1  
[2024-05-28 15:25:16] local.ERROR: Invalid route attempt: js/popper.js.map by user ID: 1  
[2024-05-28 15:26:21] local.ERROR: Invalid route attempt: js/popper.js.map by user ID: 1  
[2024-05-28 15:28:36] local.ERROR: Invalid route attempt: js/popper.js.map by user ID: 1  
[2024-05-28 15:29:24] local.ERROR: Invalid route attempt: js/popper.js.map by user ID: 1  
[2024-05-28 15:29:31] local.INFO: User 1 with ID - 1 just added a new model with ID - 6  
[2024-05-28 15:31:39] local.ERROR: Invalid route attempt: js/popper.js.map by user ID: 1  
[2024-05-28 15:31:56] local.ERROR: Invalid route attempt: js/popper.js.map by user ID: 1  
[2024-05-28 15:32:27] local.ERROR: Invalid route attempt: js/popper.js.map by user ID: 1  
[2024-05-28 15:32:43] local.ERROR: Invalid route attempt: js/popper.js.map by user ID: 1  
[2024-05-28 15:32:55] local.ERROR: Invalid route attempt: js/popper.js.map by user ID: 1  
[2024-05-28 15:35:32] local.ERROR: Invalid route attempt: js/popper.js.map by user ID: 1  
[2024-05-28 15:35:47] local.ERROR: Invalid route attempt: js/popper.js.map by user ID: 1  
[2024-05-28 15:37:59] local.ERROR: Invalid route attempt: js/popper.js.map by user ID: 1  
[2024-05-28 15:38:09] local.ERROR: Invalid route attempt: js/popper.js.map by user ID: 1  
[2024-05-28 15:38:33] local.ERROR: Invalid route attempt: js/popper.js.map by user ID: 1  
[2024-05-28 15:41:11] local.ERROR: Invalid route attempt: js/popper.js.map by user ID: 1  
[2024-05-28 15:41:15] local.INFO: User 1 with ID - 1 just updated the model name - ID 6...  
[2024-05-28 15:41:31] local.ERROR: Invalid route attempt: js/popper.js.map by user ID: 1  
[2024-05-28 15:41:47] local.ERROR: Invalid route attempt: js/popper.js.map by user ID: 1  
[2024-05-28 15:41:52] local.INFO: User 1 with ID - 1 just updated the model name - ID 6...  
[2024-05-28 16:16:08] local.ERROR: Invalid route attempt: js/popper.js.map by user ID: 1  
[2024-05-28 16:16:58] local.ERROR: Invalid route attempt: js/popper.js.map by user ID: 1  
[2024-05-28 16:17:22] local.ERROR: Invalid route attempt: js/popper.js.map by user ID: 1  
[2024-05-28 16:17:25] local.ERROR: Invalid route attempt: models/undefined by user ID: 1  
[2024-05-28 16:18:34] local.ERROR: Invalid route attempt: js/popper.js.map by user ID: 1  
[2024-05-28 16:18:38] local.ERROR: Invalid route attempt: models/undefined by user ID: 1  
[2024-05-28 16:18:59] local.ERROR: Invalid route attempt: js/popper.js.map by user ID: 1  
[2024-05-28 16:19:02] local.ERROR: Invalid route attempt: models/2 by user ID: 1  
[2024-05-28 16:19:41] local.ERROR: Invalid route attempt: js/popper.js.map by user ID: 1  
[2024-05-28 16:21:51] local.ERROR: Invalid route attempt: js/popper.js.map by user ID: 1  
[2024-05-28 16:26:58] local.INFO: User 1 with ID - 1 just added the new asset with ID - 60  
[2024-05-28 16:28:09] local.INFO: User 1 with ID - 1 just added the new asset with ID - 61  
[2024-05-28 17:23:39] local.INFO: User 1 with ID - 1 just added the new asset with ID - 62  
