[2024-05-29 09:23:35] local.ERROR: Invalid route attempt: js/popper.js.map by user ID: 1  
[2024-05-29 09:24:44] local.INFO: User 1 with ID - 1 just added the new component info with ID - 20  
[2024-05-29 09:25:43] local.INFO: User 1 with ID - 1 just added the new component info with ID - 21  
[2024-05-29 09:45:41] local.ERROR: Invalid route attempt: js/popper.js.map by user ID: 1  
[2024-05-29 09:46:16] local.INFO: User 1 with ID - 1 just updated the component info ID - 21  
[2024-05-29 09:48:05] local.ERROR: Invalid route attempt: js/popper.js.map by user ID: 1  
[2024-05-29 09:48:45] local.ERROR: Invalid route attempt: js/popper.js.map by user ID: 1  
[2024-05-29 09:50:49] local.ERROR: Invalid route attempt: js/popper.js.map by user ID: 1  
[2024-05-29 09:51:25] local.ERROR: Invalid route attempt: js/popper.js.map by user ID: 1  
[2024-05-29 09:52:48] local.ERROR: Invalid route attempt: js/popper.js.map by user ID: 1  
[2024-05-29 09:52:56] local.INFO: User 1 with ID - 1 just updated the component info ID - 21  
[2024-05-29 09:53:18] local.ERROR: Invalid route attempt: js/popper.js.map by user ID: 1  
[2024-05-29 09:53:29] local.ERROR: Invalid route attempt: js/popper.js.map by user ID: 1  
[2024-05-29 09:54:18] local.ERROR: Invalid route attempt: js/popper.js.map by user ID: 1  
[2024-05-29 09:54:20] local.ERROR: Invalid route attempt: js/popper.js.map by user ID: 1  
[2024-05-29 09:55:04] local.ERROR: Invalid route attempt: js/popper.js.map by user ID: 1  
[2024-05-29 09:55:28] local.ERROR: Invalid route attempt: js/popper.js.map by user ID: 1  
[2024-05-29 09:55:43] local.ERROR: Invalid route attempt: js/popper.js.map by user ID: 1  
[2024-05-29 09:56:10] local.ERROR: Invalid route attempt: js/popper.js.map by user ID: 1  
[2024-05-29 09:57:12] local.ERROR: Invalid route attempt: js/popper.js.map by user ID: 1  
[2024-05-29 09:57:18] local.ERROR: Invalid route attempt: js/popper.js.map by user ID: 1  
[2024-05-29 09:57:23] local.ERROR: Invalid route attempt: js/popper.js.map by user ID: 1  
[2024-05-29 09:57:48] local.ERROR: Invalid route attempt: js/popper.js.map by user ID: 1  
[2024-05-29 10:55:27] local.ERROR: Invalid route attempt: js/popper.js.map by user ID: 1  
[2024-05-29 11:05:33] local.INFO: User 1 with ID - 1 just updated the component info ID - 21  
[2024-05-29 11:05:47] local.ERROR: Invalid route attempt: js/popper.js.map by user ID: 1  
[2024-05-29 11:05:57] local.INFO: User 1 with ID - 1 just updated the component info ID - 21  
[2024-05-29 11:08:56] local.ERROR: Invalid route attempt: js/popper.js.map by user ID: 1  
[2024-05-29 11:10:48] local.ERROR: Invalid route attempt: js/popper.js.map by user ID: 1  
[2024-05-29 11:11:06] local.ERROR: Invalid route attempt: js/popper.js.map by user ID: 1  
[2024-05-29 11:11:18] local.ERROR: Invalid route attempt: js/popper.js.map by user ID: 1  
[2024-05-29 11:11:20] local.ERROR: Invalid route attempt: js/popper.js.map by user ID: 1  
[2024-05-29 11:12:48] local.ERROR: SQLSTATE[42S22]: Column not found: 1054 Unknown column 'specification' in 'field list' (SQL: insert into `component_details` (`component_id`, `product_image`, `ram`, `storage`, `wifi`, `manufacture_by`, `factory_warranty`, `price`, `currency`, `specification`, `updated_at`, `created_at`) values (22, [], ram, storage, wifi, 2024-05-27, 2024-05-27, 121, MYR, asds
asd
as
d
as
d



asdasd

a

asdasd, 2024-05-29 11:12:48, 2024-05-29 11:12:48))  
[2024-05-29 11:13:40] local.ERROR: SQLSTATE[42S22]: Column not found: 1054 Unknown column 'specification' in 'field list' (SQL: insert into `component_details` (`component_id`, `product_image`, `ram`, `storage`, `wifi`, `manufacture_by`, `factory_warranty`, `price`, `currency`, `specification`, `updated_at`, `created_at`) values (23, [], ram, storage, wifi, 2024-05-27, 2024-05-27, 121, MYR, asds
asd
as
d
as
d



asdasd

a

asdasd, 2024-05-29 11:13:40, 2024-05-29 11:13:40))  
[2024-05-29 11:15:11] local.INFO: User 1 with ID - 1 just added the new component info with ID - 24  
[2024-05-29 11:17:23] local.ERROR: Invalid route attempt: js/popper.js.map by user ID: 1  
[2024-05-29 11:17:57] local.ERROR: Invalid route attempt: js/popper.js.map by user ID: 1  
[2024-05-29 11:18:10] local.ERROR: Invalid route attempt: js/popper.js.map by user ID: 1  
[2024-05-29 11:18:19] local.ERROR: Invalid route attempt: js/popper.js.map by user ID: 1  
[2024-05-29 11:18:40] local.INFO: User 1 with ID - 1 just updated the component info ID - 24  
[2024-05-29 11:19:36] local.ERROR: Invalid route attempt: js/popper.js.map by user ID: 1  
[2024-05-29 11:19:39] local.INFO: User 1 with ID - 1 just updated the component info ID - 24  
[2024-05-29 11:19:48] local.INFO: User 1 with ID - 1 just updated the component info ID - 24  
[2024-05-29 11:21:59] local.ERROR: Invalid route attempt: js/popper.js.map by user ID: 1  
[2024-05-29 11:22:28] local.ERROR: Undefined index: id  
[2024-05-29 11:22:48] local.ERROR: Undefined index: id  
[2024-05-29 11:24:36] local.INFO: User 1 with ID - 1 just added the new asset with ID - 63  
[2024-05-29 11:26:13] local.ERROR: Invalid route attempt: js/popper.js.map by user ID: 1  
[2024-05-29 11:26:15] local.ERROR: Invalid route attempt: js/popper.js.map by user ID: 1  
[2024-05-29 11:26:33] local.ERROR: Invalid route attempt: js/popper.js.map by user ID: 1  
[2024-05-29 11:27:59] local.ERROR: Invalid route attempt: js/popper.js.map by user ID: 1  
[2024-05-29 11:28:23] local.ERROR: Invalid route attempt: js/popper.js.map by user ID: 1  
[2024-05-29 11:28:34] local.ERROR: Invalid route attempt: js/popper.js.map by user ID: 1  
[2024-05-29 11:28:36] local.ERROR: Trying to access array offset on value of type null  
[2024-05-29 11:29:49] local.ERROR: Invalid route attempt: js/popper.js.map by user ID: 1  
[2024-05-29 11:30:40] local.ERROR: Invalid route attempt: js/popper.js.map by user ID: 1  
[2024-05-29 11:30:45] local.ERROR: Undefined offset: 0  
[2024-05-29 11:31:20] local.INFO: User 1 with ID - 1 just added the new asset with ID - 63  
[2024-05-29 11:31:46] local.ERROR: Invalid route attempt: js/popper.js.map by user ID: 1  
[2024-05-29 11:31:49] local.INFO: User 1 with ID - 1 just added the new asset with ID - 63  
[2024-05-29 11:31:52] local.ERROR: Invalid route attempt: js/popper.js.map by user ID: 1  
[2024-05-29 11:31:56] local.INFO: User 1 with ID - 1 just added the new asset with ID - 63  
[2024-05-29 11:31:58] local.ERROR: Invalid route attempt: js/popper.js.map by user ID: 1  
[2024-05-29 11:32:46] local.INFO: User 1 with ID - 1 just added a new model with ID - 7  
[2024-05-29 11:36:45] local.ERROR: Invalid route attempt: js/popper.js.map by user ID: 1  
[2024-05-29 11:37:33] local.ERROR: Invalid route attempt: js/popper.js.map by user ID: 1  
[2024-05-29 11:39:47] local.ERROR: Invalid route attempt: js/popper.js.map by user ID: 1  
[2024-05-29 11:40:15] local.ERROR: Undefined offset: 0  
[2024-05-29 11:40:31] local.INFO: User 1 with ID - 1 just added the new component info with ID - 25  
[2024-05-29 11:46:20] local.ERROR: Invalid route attempt: js/popper.js.map by user ID: 1  
[2024-05-29 11:46:36] local.ERROR: Invalid route attempt: js/popper.js.map by user ID: 1  
[2024-05-29 11:47:24] local.ERROR: Invalid route attempt: js/popper.js.map by user ID: 1  
[2024-05-29 11:47:31] local.ERROR: Invalid route attempt: js/popper.js.map by user ID: 1  
[2024-05-29 11:48:10] local.ERROR: Invalid route attempt: js/popper.js.map by user ID: 1  
[2024-05-29 11:48:46] local.ERROR: Invalid route attempt: js/popper.js.map by user ID: 1  
[2024-05-29 11:48:48] local.ERROR: Invalid route attempt: js/popper.js.map by user ID: 1  
[2024-05-29 11:49:20] local.ERROR: Invalid route attempt: js/popper.js.map by user ID: 1  
[2024-05-29 14:31:08] local.ERROR: Invalid route attempt: js/popper.js.map by user ID: 1  
[2024-05-29 14:32:47] local.ERROR: Invalid route attempt: js/popper.js.map by user ID: 1  
[2024-05-29 14:32:50] local.ERROR: Invalid route attempt: js/popper.js.map by user ID: 1  
[2024-05-29 14:33:55] local.ERROR: Invalid route attempt: js/popper.js.map by user ID: 1  
[2024-05-29 14:33:56] local.ERROR: Invalid route attempt: js/popper.js.map by user ID: 1  
[2024-05-29 14:34:16] local.ERROR: Invalid route attempt: js/popper.js.map by user ID: 1  
[2024-05-29 14:34:29] local.ERROR: Invalid route attempt: js/popper.js.map by user ID: 1  
[2024-05-29 14:35:29] local.ERROR: Invalid route attempt: js/popper.js.map by user ID: 1  
[2024-05-29 14:35:51] local.ERROR: Invalid route attempt: js/popper.js.map by user ID: 1  
[2024-05-29 14:35:54] local.ERROR: Invalid route attempt: js/popper.js.map by user ID: 1  
[2024-05-29 14:38:38] local.ERROR: Invalid route attempt: js/popper.js.map by user ID: 1  
[2024-05-29 14:39:32] local.ERROR: Invalid route attempt: js/popper.js.map by user ID: 1  
[2024-05-29 14:40:09] local.ERROR: Invalid route attempt: js/popper.js.map by user ID: 1  
[2024-05-29 14:40:30] local.ERROR: Invalid route attempt: js/popper.js.map by user ID: 1  
[2024-05-29 14:41:33] local.ERROR: Invalid route attempt: js/popper.js.map by user ID: 1  
[2024-05-29 14:41:52] local.ERROR: Invalid route attempt: js/popper.js.map by user ID: 1  
[2024-05-29 14:42:45] local.ERROR: Invalid route attempt: js/popper.js.map by user ID: 1  
[2024-05-29 14:44:01] local.ERROR: Invalid route attempt: js/popper.js.map by user ID: 1  
[2024-05-29 14:44:16] local.ERROR: Invalid route attempt: js/popper.js.map by user ID: 1  
[2024-05-29 14:44:47] local.ERROR: Invalid route attempt: js/popper.js.map by user ID: 1  
[2024-05-29 14:45:12] local.ERROR: Invalid route attempt: js/popper.js.map by user ID: 1  
[2024-05-29 14:45:57] local.ERROR: Invalid route attempt: js/popper.js.map by user ID: 1  
[2024-05-29 14:46:23] local.ERROR: Invalid route attempt: js/popper.js.map by user ID: 1  
[2024-05-29 14:48:03] local.ERROR: Invalid route attempt: js/popper.js.map by user ID: 1  
[2024-05-29 14:48:18] local.INFO: User 1 with ID - 1 just updated the component info ID - 25  
[2024-05-29 14:51:44] local.ERROR: Invalid route attempt: js/popper.js.map by user ID: 1  
[2024-05-29 14:52:46] local.ERROR: Invalid route attempt: js/popper.js.map by user ID: 1  
[2024-05-29 14:55:17] local.ERROR: Invalid route attempt: js/popper.js.map by user ID: 1  
[2024-05-29 14:55:34] local.ERROR: Invalid route attempt: js/popper.js.map by user ID: 1  
[2024-05-29 14:56:30] local.ERROR: Invalid route attempt: js/popper.js.map by user ID: 1  
[2024-05-29 14:57:42] local.ERROR: Invalid route attempt: js/popper.js.map by user ID: 1  
[2024-05-29 14:58:06] local.ERROR: Invalid route attempt: js/popper.js.map by user ID: 1  
[2024-05-29 14:58:28] local.ERROR: Invalid route attempt: js/popper.js.map by user ID: 1  
[2024-05-29 14:59:31] local.ERROR: Invalid route attempt: js/popper.js.map by user ID: 1  
[2024-05-29 15:00:42] local.ERROR: Invalid route attempt: js/popper.js.map by user ID: 1  
[2024-05-29 15:01:12] local.ERROR: Invalid route attempt: js/popper.js.map by user ID: 1  
[2024-05-29 15:01:34] local.ERROR: Invalid route attempt: js/popper.js.map by user ID: 1  
[2024-05-29 15:01:43] local.ERROR: Undefined index: id  
[2024-05-29 15:02:03] local.ERROR: Invalid route attempt: js/popper.js.map by user ID: 1  
[2024-05-29 15:02:53] local.INFO: User 1 with ID - 1 just added the new asset with ID - 63  
[2024-05-29 15:02:58] local.ERROR: Invalid route attempt: js/popper.js.map by user ID: 1  
[2024-05-29 15:03:06] local.INFO: User 1 with ID - 1 just added the new asset with ID - 63  
[2024-05-29 15:03:25] local.ERROR: Invalid route attempt: js/popper.js.map by user ID: 1  
[2024-05-29 15:03:32] local.INFO: User 1 with ID - 1 just added the new asset with ID - 63  
[2024-05-29 15:03:34] local.ERROR: Invalid route attempt: js/popper.js.map by user ID: 1  
[2024-05-29 15:03:44] local.ERROR: Invalid route attempt: js/popper.js.map by user ID: 1  
[2024-05-29 15:05:57] local.ERROR: Invalid route attempt: js/popper.js.map by user ID: 1  
[2024-05-29 15:07:24] local.ERROR: Invalid route attempt: js/popper.js.map by user ID: 1  
[2024-05-29 15:12:38] local.ERROR: Invalid route attempt: js/popper.js.map by user ID: 1  
[2024-05-29 15:14:27] local.ERROR: Invalid route attempt: js/popper.js.map by user ID: 1  
[2024-05-29 15:15:15] local.ERROR: Invalid route attempt: js/popper.js.map by user ID: 1  
[2024-05-29 15:15:32] local.ERROR: Invalid route attempt: js/popper.js.map by user ID: 1  
[2024-05-29 15:26:11] local.ERROR: Invalid route attempt: js/popper.js.map by user ID: 1  
[2024-05-29 15:32:32] local.ERROR: Invalid route attempt: js/popper.js.map by user ID: 1  
[2024-05-29 15:33:25] local.ERROR: Invalid route attempt: js/popper.js.map by user ID: 1  
[2024-05-29 15:34:10] local.ERROR: Invalid route attempt: js/popper.js.map by user ID: 1  
[2024-05-29 15:35:10] local.ERROR: Invalid route attempt: js/popper.js.map by user ID: 1  
[2024-05-29 15:35:40] local.ERROR: Invalid route attempt: js/popper.js.map by user ID: 1  
[2024-05-29 15:36:05] local.ERROR: Invalid route attempt: js/popper.js.map by user ID: 1  
[2024-05-29 15:36:07] local.ERROR: Invalid route attempt: js/popper.js.map by user ID: 1  
[2024-05-29 15:36:43] local.ERROR: Invalid route attempt: js/popper.js.map by user ID: 1  
[2024-05-29 15:38:36] local.ERROR: Invalid route attempt: js/popper.js.map by user ID: 1  
[2024-05-29 15:39:13] local.ERROR: Invalid route attempt: js/popper.js.map by user ID: 1  
[2024-05-29 15:50:04] local.ERROR: Invalid route attempt: js/popper.js.map by user ID: 1  
[2024-05-29 15:50:37] local.ERROR: Invalid route attempt: js/popper.js.map by user ID: 1  
[2024-05-29 15:50:40] local.ERROR: Invalid route attempt: js/popper.js.map by user ID: 1  
[2024-05-29 15:58:28] local.ERROR: Invalid route attempt: js/popper.js.map by user ID: 1  
[2024-05-29 15:58:31] local.ERROR: Invalid route attempt: js/popper.js.map by user ID: 1  
[2024-05-29 15:59:01] local.ERROR: Invalid route attempt: js/popper.js.map by user ID: 1  
[2024-05-29 15:59:32] local.ERROR: Invalid route attempt: js/popper.js.map by user ID: 1  
[2024-05-29 16:03:17] local.ERROR: Invalid route attempt: js/popper.js.map by user ID: 1  
[2024-05-29 16:04:46] local.ERROR: Invalid route attempt: js/popper.js.map by user ID: 1  
[2024-05-29 16:06:34] local.ERROR: Invalid route attempt: js/popper.js.map by user ID: 1  
[2024-05-29 16:06:37] local.INFO: User 1 with ID - 1 just updated the component info ID - 25  
[2024-05-29 16:07:17] local.ERROR: Invalid route attempt: js/popper.js.map by user ID: 1  
[2024-05-29 16:07:28] local.ERROR: Invalid route attempt: js/popper.js.map by user ID: 1  
[2024-05-29 16:14:37] local.ERROR: Invalid route attempt: js/popper.js.map by user ID: 1  
[2024-05-29 16:14:40] local.ERROR: Invalid route attempt: js/popper.js.map by user ID: 1  
[2024-05-29 16:15:32] local.ERROR: Invalid route attempt: js/popper.js.map by user ID: 1  
[2024-05-29 16:16:03] local.ERROR: Invalid route attempt: js/popper.js.map by user ID: 1  
[2024-05-29 16:16:25] local.ERROR: Invalid route attempt: js/popper.js.map by user ID: 1  
[2024-05-29 16:17:45] local.ERROR: Invalid route attempt: js/popper.js.map by user ID: 1  
[2024-05-29 16:19:08] local.ERROR: Invalid route attempt: js/popper.js.map by user ID: 1  
[2024-05-29 16:20:48] local.ERROR: Invalid route attempt: js/popper.js.map by user ID: 1  
[2024-05-29 16:20:55] local.ERROR: Invalid route attempt: js/popper.js.map by user ID: 1  
[2024-05-29 16:23:36] local.ERROR: Invalid route attempt: js/popper.js.map by user ID: 1  
[2024-05-29 16:23:59] local.ERROR: Invalid route attempt: js/popper.js.map by user ID: 1  
[2024-05-29 16:24:26] local.ERROR: Invalid route attempt: js/popper.js.map by user ID: 1  
[2024-05-29 16:24:48] local.ERROR: Invalid route attempt: js/popper.js.map by user ID: 1  
[2024-05-29 16:25:15] local.INFO: User 1 with ID - 1 just updated the component info ID - 25  
[2024-05-29 16:25:28] local.INFO: User 1 with ID - 1 just added the new asset with ID - 44  
[2024-05-29 16:54:08] local.INFO: User 1 with ID - 1 just updated the component info ID - 25  
[2024-05-29 16:54:53] local.INFO: User 1 with ID - 1 just updated the component info ID - 25  
