[2024-06-11 13:51:24] local.INFO: User 1 with ID - 1 just added the new component info with ID - 5  
[2024-06-11 14:26:39] local.ERROR: Invalid route attempt: check-device by user ID: 1  
[2024-06-11 14:29:44] local.INFO: User 1 with ID - 1 just added the new asset with ID - 4  
[2024-06-11 15:18:00] local.INFO: User 1 with ID - 1 just deleted the asset ID - 1  
[2024-06-11 15:18:04] local.INFO: User 1 with ID - 1 just deleted the asset ID - 2  
[2024-06-11 15:18:08] local.INFO: User 1 with ID - 1 just deleted the asset ID - 3  
[2024-06-11 15:23:29] local.ERROR: Invalid route attempt: js/popper.js.map by user ID: 1  
[2024-06-11 15:24:38] local.ERROR: Invalid route attempt: js/popper.js.map by user ID: 1  
[2024-06-11 15:25:24] local.ERROR: Invalid route attempt: js/popper.js.map by user ID: 1  
[2024-06-11 15:32:00] local.ERROR: Invalid route attempt: js/popper.js.map by user ID: 1  
[2024-06-11 15:33:34] local.ERROR: Invalid route attempt: js/popper.js.map by user ID: 1  
[2024-06-11 15:39:47] local.INFO: User 1 with ID - 1 just added the new asset with ID - 5  
[2024-06-11 15:40:45] local.ERROR: Invalid route attempt: js/popper.js.map by user ID: 1  
[2024-06-11 15:43:12] local.ERROR: Invalid route attempt: js/popper.js.map by user ID: 1  
[2024-06-11 15:43:53] local.ERROR: Invalid route attempt: js/popper.js.map by user ID: 1  
[2024-06-11 15:44:45] local.ERROR: Invalid route attempt: js/popper.js.map by user ID: 1  
[2024-06-11 15:46:34] local.INFO: User 1 with ID - 1 just added the new asset with ID - 5  
[2024-06-11 15:52:13] local.ERROR: Invalid route attempt: js/popper.js.map by user ID: 1  
[2024-06-11 15:53:13] local.ERROR: Invalid route attempt: js/popper.js.map by user ID: 1  
[2024-06-11 15:53:46] local.ERROR: Invalid route attempt: js/popper.js.map by user ID: 1  
[2024-06-11 15:58:56] local.ERROR: Invalid route attempt: js/popper.js.map by user ID: 1  
[2024-06-11 16:01:27] local.ERROR: Invalid route attempt: js/popper.js.map by user ID: 1  
[2024-06-11 16:05:35] local.ERROR: Invalid route attempt: js/popper.js.map by user ID: 1  
[2024-06-11 16:12:07] local.ERROR: Invalid route attempt: js/popper.js.map by user ID: 1  
[2024-06-11 16:12:40] local.ERROR: Invalid route attempt: js/popper.js.map by user ID: 1  
[2024-06-11 16:14:11] local.ERROR: Invalid route attempt: js/popper.js.map by user ID: 1  
[2024-06-11 16:14:46] local.ERROR: Invalid route attempt: js/popper.js.map by user ID: 1  
[2024-06-11 16:16:09] local.ERROR: Invalid route attempt: js/popper.js.map by user ID: 1  
[2024-06-11 16:16:25] local.ERROR: Invalid route attempt: js/popper.js.map by user ID: 1  
[2024-06-11 16:16:46] local.ERROR: Invalid route attempt: js/popper.js.map by user ID: 1  
[2024-06-11 16:16:48] local.ERROR: Invalid route attempt: js/popper.js.map by user ID: 1  
[2024-06-11 16:19:24] local.ERROR: Invalid route attempt: js/popper.js.map by user ID: 1  
[2024-06-11 16:19:45] local.ERROR: Invalid route attempt: js/popper.js.map by user ID: 1  
[2024-06-11 16:26:03] local.ERROR: Invalid route attempt: js/popper.js.map by user ID: 1  
[2024-06-11 16:26:16] local.ERROR: Invalid route attempt: js/popper.js.map by user ID: 1  
[2024-06-11 16:26:42] local.ERROR: Invalid route attempt: js/popper.js.map by user ID: 1  
[2024-06-11 16:28:05] local.ERROR: Invalid route attempt: js/popper.js.map by user ID: 1  
[2024-06-11 16:28:29] local.ERROR: Invalid route attempt: js/popper.js.map by user ID: 1  
[2024-06-11 16:28:44] local.ERROR: Invalid route attempt: js/popper.js.map by user ID: 1  
[2024-06-11 16:29:09] local.ERROR: Invalid route attempt: js/popper.js.map by user ID: 1  
[2024-06-11 16:29:24] local.ERROR: Invalid route attempt: js/popper.js.map by user ID: 1  
[2024-06-11 16:30:10] local.ERROR: Invalid route attempt: js/popper.js.map by user ID: 1  
[2024-06-11 16:30:24] local.ERROR: Invalid route attempt: js/popper.js.map by user ID: 1  
[2024-06-11 16:58:08] local.ERROR: Invalid route attempt: js/popper.js.map by user ID: 1  
[2024-06-11 16:58:41] local.ERROR: Invalid route attempt: js/popper.js.map by user ID: 1  
[2024-06-11 16:59:35] local.ERROR: Invalid route attempt: js/popper.js.map by user ID: 1  
[2024-06-11 16:59:41] local.ERROR: Invalid route attempt: js/popper.js.map by user ID: 1  
[2024-06-11 16:59:47] local.ERROR: Invalid route attempt: js/popper.js.map by user ID: 1  
[2024-06-11 17:00:13] local.ERROR: Invalid route attempt: js/popper.js.map by user ID: 1  
[2024-06-11 17:01:58] local.ERROR: Invalid route attempt: js/popper.js.map by user ID: 1  
[2024-06-11 17:02:19] local.ERROR: Invalid route attempt: js/popper.js.map by user ID: 1  
[2024-06-11 17:02:33] local.ERROR: Invalid route attempt: js/popper.js.map by user ID: 1  
[2024-06-11 17:03:13] local.ERROR: Invalid route attempt: js/popper.js.map by user ID: 1  
[2024-06-11 17:04:03] local.ERROR: Invalid route attempt: js/popper.js.map by user ID: 1  
[2024-06-11 17:05:21] local.ERROR: Invalid route attempt: js/popper.js.map by user ID: 1  
[2024-06-11 17:06:06] local.ERROR: Invalid route attempt: js/popper.js.map by user ID: 1  
[2024-06-11 17:07:34] local.ERROR: Invalid route attempt: js/popper.js.map by user ID: 1  
[2024-06-11 17:08:16] local.ERROR: Invalid route attempt: js/popper.js.map by user ID: 1  
[2024-06-11 17:08:30] local.ERROR: Invalid route attempt: js/popper.js.map by user ID: 1  
[2024-06-11 17:08:36] local.ERROR: Invalid route attempt: js/popper.js.map by user ID: 1  
[2024-06-11 17:08:40] local.ERROR: Invalid route attempt: js/popper.js.map by user ID: 1  
[2024-06-11 17:08:54] local.ERROR: Invalid route attempt: js/popper.js.map by user ID: 1  
[2024-06-11 17:14:56] local.ERROR: Invalid route attempt: js/popper.js.map by user ID: 1  
[2024-06-11 17:15:52] local.ERROR: Invalid route attempt: js/popper.js.map by user ID: 1  
[2024-06-11 17:16:34] local.ERROR: Invalid route attempt: js/popper.js.map by user ID: 1  
[2024-06-11 17:17:07] local.ERROR: Invalid route attempt: js/popper.js.map by user ID: 1  
[2024-06-11 17:19:35] local.ERROR: Invalid route attempt: js/popper.js.map by user ID: 1  
[2024-06-11 17:21:51] local.ERROR: Invalid route attempt: js/popper.js.map by user ID: 1  
[2024-06-11 17:21:54] local.ERROR: Invalid route attempt: js/popper.js.map by user ID: 1  
[2024-06-11 17:22:09] local.ERROR: Invalid route attempt: js/popper.js.map by user ID: 1  
[2024-06-11 17:23:44] local.ERROR: Invalid route attempt: js/popper.js.map by user ID: 1  
[2024-06-11 17:23:58] local.ERROR: Invalid route attempt: js/popper.js.map by user ID: 1  
[2024-06-11 17:24:06] local.ERROR: Invalid route attempt: js/popper.js.map by user ID: 1  
[2024-06-11 17:27:59] local.ERROR: Invalid route attempt: js/popper.js.map by user ID: 1  
[2024-06-11 17:28:04] local.ERROR: Invalid route attempt: js/popper.js.map by user ID: 1  
[2024-06-11 17:28:14] local.ERROR: Invalid route attempt: js/popper.js.map by user ID: 1  
[2024-06-11 17:28:27] local.ERROR: Invalid route attempt: js/popper.js.map by user ID: 1  
[2024-06-11 17:30:51] local.ERROR: Invalid route attempt: js/popper.js.map by user ID: 1  
[2024-06-11 17:31:11] local.ERROR: Invalid route attempt: js/popper.js.map by user ID: 1  
[2024-06-11 17:33:36] local.ERROR: Invalid route attempt: js/popper.js.map by user ID: 1  
[2024-06-11 17:35:48] local.ERROR: Invalid route attempt: js/popper.js.map by user ID: 1  
[2024-06-11 17:38:06] local.ERROR: Invalid route attempt: js/popper.js.map by user ID: 1  
[2024-06-11 17:39:10] local.ERROR: Invalid route attempt: js/popper.js.map by user ID: 1  
[2024-06-11 17:39:45] local.ERROR: Invalid route attempt: js/popper.js.map by user ID: 1  
[2024-06-11 17:43:14] local.ERROR: Invalid route attempt: js/popper.js.map by user ID: 1  
[2024-06-11 17:43:30] local.ERROR: Invalid route attempt: js/popper.js.map by user ID: 1  
[2024-06-11 17:44:05] local.ERROR: Invalid route attempt: js/popper.js.map by user ID: 1  
[2024-06-11 17:44:22] local.ERROR: Invalid route attempt: js/popper.js.map by user ID: 1  
