[2024-05-13 16:42:05] local.ERROR: Invalid route attempt: js/popper.js.map by user ID: 1  
[2024-05-13 16:42:07] local.ERROR: Invalid route attempt: js/popper.js.map by user ID: 1  
[2024-05-13 17:15:32] local.ERROR: Invalid route attempt: js/popper.js.map by user ID: 1  
[2024-05-13 17:15:58] local.ERROR: Invalid route attempt: js/popper.js.map by user ID: 1  
[2024-05-13 17:16:09] local.ERROR: Invalid route attempt: js/popper.js.map by user ID: 1  
[2024-05-13 17:16:46] local.ERROR: Invalid route attempt: js/popper.js.map by user ID: 1  
[2024-05-13 17:17:57] local.ERROR: Invalid route attempt: js/popper.js.map by user ID: 1  
[2024-05-13 17:19:41] local.ERROR: Invalid route attempt: js/popper.js.map by user ID: 1  
[2024-05-13 17:19:46] local.ERROR: Invalid route attempt: js/popper.js.map by user ID: 1  
[2024-05-13 17:21:24] local.ERROR: Invalid route attempt: js/popper.js.map by user ID: 1  
[2024-05-13 17:22:53] local.ERROR: Invalid route attempt: js/popper.js.map by user ID: 1  
[2024-05-13 17:22:57] local.ERROR: Invalid route attempt: js/popper.js.map by user ID: 1  
[2024-05-13 17:23:51] local.ERROR: Invalid route attempt: js/popper.js.map by user ID: 1  
[2024-05-13 17:24:53] local.ERROR: Invalid route attempt: js/popper.js.map by user ID: 1  
[2024-05-13 17:25:35] local.ERROR: Invalid route attempt: js/popper.js.map by user ID: 1  
[2024-05-13 17:25:49] local.ERROR: Invalid route attempt: js/popper.js.map by user ID: 1  
[2024-05-13 17:27:59] local.ERROR: Invalid route attempt: js/popper.js.map by user ID: 1  
[2024-05-13 17:28:28] local.ERROR: Invalid route attempt: js/popper.js.map by user ID: 1  
[2024-05-13 17:30:02] local.ERROR: Invalid route attempt: js/popper.js.map by user ID: 1  
[2024-05-13 17:30:11] local.ERROR: Invalid route attempt: js/popper.js.map by user ID: 1  
[2024-05-13 17:30:27] local.ERROR: Invalid route attempt: js/popper.js.map by user ID: 1  
[2024-05-13 17:33:42] local.ERROR: Invalid route attempt: js/popper.js.map by user ID: 1  
[2024-05-13 17:35:35] local.ERROR: Invalid route attempt: js/popper.js.map by user ID: 1  
[2024-05-13 17:36:23] local.ERROR: Invalid route attempt: js/popper.js.map by user ID: 1  
[2024-05-13 17:37:17] local.ERROR: Invalid route attempt: js/popper.js.map by user ID: 1  
[2024-05-13 17:38:23] local.ERROR: Invalid route attempt: js/popper.js.map by user ID: 1  
[2024-05-13 17:39:24] local.ERROR: Invalid route attempt: js/popper.js.map by user ID: 1  
[2024-05-13 17:39:27] local.ERROR: Invalid route attempt: js/popper.js.map by user ID: 1  
[2024-05-13 17:40:47] local.ERROR: Invalid route attempt: js/popper.js.map by user ID: 1  
[2024-05-13 17:41:32] local.ERROR: Invalid route attempt: js/popper.js.map by user ID: 1  
[2024-05-13 17:42:30] local.ERROR: Invalid route attempt: js/popper.js.map by user ID: 1  
[2024-05-13 17:43:13] local.ERROR: Invalid route attempt: js/popper.js.map by user ID: 1  
[2024-05-13 17:45:24] local.ERROR: Invalid route attempt: js/popper.js.map by user ID: 1  
[2024-05-13 17:45:28] local.ERROR: Invalid route attempt: js/popper.js.map by user ID: 1  
[2024-05-13 17:51:53] local.ERROR: Invalid route attempt: js/popper.js.map by user ID: 1  
[2024-05-13 17:53:22] local.ERROR: Invalid route attempt: js/popper.js.map by user ID: 1  
[2024-05-13 17:54:13] local.ERROR: Invalid route attempt: js/popper.js.map by user ID: 1  
[2024-05-13 17:57:40] local.ERROR: Invalid route attempt: js/popper.js.map by user ID: 1  
[2024-05-13 18:11:22] local.ERROR: Undefined offset: 0  
[2024-05-13 18:25:33] local.ERROR: Invalid route attempt: js/popper.js.map by user ID: 1  
[2024-05-13 18:27:51] local.ERROR: Trying to access array offset on value of type null  
[2024-05-13 18:28:21] local.ERROR: Trying to access array offset on value of type null  
[2024-05-13 18:31:40] local.ERROR: Invalid route attempt: js/popper.js.map by user ID: 1  
[2024-05-13 18:36:18] local.INFO: User Admin with ID - 1 just added the new asset with ID - 2  
[2024-05-13 18:38:07] local.ERROR: Invalid route attempt: js/popper.js.map by user ID: 1  
[2024-05-13 18:39:07] local.ERROR: Invalid route attempt: js/popper.js.map by user ID: 1  
[2024-05-13 18:39:29] local.ERROR: Invalid route attempt: js/popper.js.map by user ID: 1  
[2024-05-13 18:41:31] local.ERROR: Invalid route attempt: js/popper.js.map by user ID: 1  
[2024-05-13 18:43:26] local.ERROR: Invalid route attempt: js/popper.js.map by user ID: 1  
[2024-05-13 18:43:36] local.ERROR: Invalid route attempt: js/popper.js.map by user ID: 1  
[2024-05-13 18:43:57] local.ERROR: Invalid route attempt: js/popper.js.map by user ID: 1  
[2024-05-13 18:44:28] local.ERROR: Invalid route attempt: js/popper.js.map by user ID: 1  
[2024-05-13 18:47:54] local.ERROR: Invalid route attempt: js/popper.js.map by user ID: 1  
[2024-05-13 18:49:50] local.ERROR: Invalid route attempt: js/popper.js.map by user ID: 1  
[2024-05-13 18:51:21] local.ERROR: Invalid route attempt: js/popper.js.map by user ID: 1  
[2024-05-13 18:52:19] local.ERROR: Invalid route attempt: js/popper.js.map by user ID: 1  
[2024-05-13 18:52:53] local.ERROR: Invalid route attempt: js/popper.js.map by user ID: 1  
[2024-05-13 18:53:58] local.ERROR: Invalid route attempt: js/popper.js.map by user ID: 1  
[2024-05-13 18:54:27] local.ERROR: Invalid route attempt: js/popper.js.map by user ID: 1  
[2024-05-13 18:56:50] local.ERROR: Invalid route attempt: js/popper.js.map by user ID: 1  
[2024-05-13 18:57:41] local.ERROR: Invalid route attempt: js/popper.js.map by user ID: 1  
[2024-05-13 18:58:48] local.ERROR: Invalid route attempt: js/popper.js.map by user ID: 1  
[2024-05-13 19:02:06] local.ERROR: Invalid route attempt: js/popper.js.map by user ID: 1  
[2024-05-13 19:02:30] local.ERROR: Invalid route attempt: js/popper.js.map by user ID: 1  
[2024-05-13 19:02:46] local.ERROR: Invalid route attempt: js/popper.js.map by user ID: 1  
[2024-05-13 19:03:12] local.ERROR: Invalid route attempt: js/popper.js.map by user ID: 1  
[2024-05-13 19:03:42] local.ERROR: Invalid route attempt: js/popper.js.map by user ID: 1  
[2024-05-13 19:04:33] local.ERROR: Invalid route attempt: js/popper.js.map by user ID: 1  
[2024-05-13 19:04:47] local.ERROR: Invalid route attempt: js/popper.js.map by user ID: 1  
[2024-05-13 19:05:27] local.ERROR: Invalid route attempt: js/popper.js.map by user ID: 1  
[2024-05-13 19:05:40] local.ERROR: Invalid route attempt: js/popper.js.map by user ID: 1  
[2024-05-13 19:05:54] local.ERROR: Invalid route attempt: js/popper.js.map by user ID: 1  
[2024-05-13 19:08:32] local.ERROR: Invalid route attempt: js/popper.js.map by user ID: 1  
[2024-05-13 19:12:07] local.ERROR: Invalid route attempt: js/popper.js.map by user ID: 1  
[2024-05-13 19:18:04] local.ERROR: Invalid route attempt: js/popper.js.map by user ID: 1  
[2024-05-13 19:20:24] local.ERROR: Invalid route attempt: js/popper.js.map by user ID: 1  
[2024-05-13 19:22:31] local.ERROR: Invalid route attempt: js/popper.js.map by user ID: 1  
[2024-05-13 19:22:55] local.ERROR: Invalid route attempt: js/popper.js.map by user ID: 1  
[2024-05-13 19:23:31] local.ERROR: Invalid route attempt: js/popper.js.map by user ID: 1  
[2024-05-13 19:24:00] local.ERROR: Invalid route attempt: js/popper.js.map by user ID: 1  
[2024-05-13 19:25:07] local.ERROR: Invalid route attempt: js/popper.js.map by user ID: 1  
[2024-05-13 19:25:44] local.ERROR: Invalid route attempt: js/popper.js.map by user ID: 1  
[2024-05-13 19:27:43] local.ERROR: Invalid route attempt: js/popper.js.map by user ID: 1  
[2024-05-13 19:31:31] local.ERROR: Invalid route attempt: js/popper.js.map by user ID: 1  
[2024-05-13 19:32:37] local.ERROR: Invalid route attempt: js/popper.js.map by user ID: 1  
[2024-05-13 19:36:10] local.ERROR: Array to string conversion  
[2024-05-13 19:37:18] local.ERROR: Array to string conversion  
[2024-05-13 19:38:25] local.ERROR: Array to string conversion  
[2024-05-13 19:40:22] local.INFO: User Admin with ID - 1 just added the new asset with ID - 3  
[2024-05-13 19:41:15] local.ERROR: Invalid route attempt: js/popper.js.map by user ID: 1  
[2024-05-13 19:44:24] local.ERROR: Invalid route attempt: js/popper.js.map by user ID: 1  
[2024-05-13 19:45:15] local.ERROR: Invalid route attempt: js/popper.js.map by user ID: 1  
[2024-05-13 19:45:33] local.ERROR: Invalid route attempt: js/popper.js.map by user ID: 1  
[2024-05-13 19:46:01] local.ERROR: Invalid route attempt: js/popper.js.map by user ID: 1  
[2024-05-13 19:46:31] local.ERROR: Invalid route attempt: js/popper.js.map by user ID: 1  
[2024-05-13 19:46:43] local.ERROR: Invalid route attempt: js/popper.js.map by user ID: 1  
[2024-05-13 19:47:00] local.ERROR: Invalid route attempt: js/popper.js.map by user ID: 1  
[2024-05-13 19:47:16] local.ERROR: Invalid route attempt: js/popper.js.map by user ID: 1  
[2024-05-13 19:48:15] local.ERROR: Invalid route attempt: js/popper.js.map by user ID: 1  
[2024-05-13 19:49:28] local.ERROR: Invalid route attempt: js/popper.js.map by user ID: 1  
[2024-05-13 19:50:00] local.ERROR: Invalid route attempt: js/popper.js.map by user ID: 1  
[2024-05-13 19:50:43] local.ERROR: Invalid route attempt: js/popper.js.map by user ID: 1  
