[2024-05-14 08:14:12] local.ERROR: Invalid route attempt: js/popper.js.map by user ID: 1  
[2024-05-14 08:14:15] local.ERROR: Invalid route attempt: js/popper.js.map by user ID: 1  
[2024-05-14 08:15:43] local.ERROR: Invalid route attempt: js/popper.js.map by user ID: 1  
[2024-05-14 08:15:46] local.ERROR: Invalid route attempt: js/popper.js.map by user ID: 1  
[2024-05-14 08:16:23] local.ERROR: Invalid route attempt: js/popper.js.map by user ID: 1  
[2024-05-14 08:16:26] local.ERROR: Invalid route attempt: js/popper.js.map by user ID: 1  
[2024-05-14 08:18:58] local.ERROR: Invalid route attempt: js/popper.js.map by user ID: 1  
[2024-05-14 08:19:16] local.ERROR: Invalid route attempt: js/popper.js.map by user ID: 1  
[2024-05-14 08:33:04] local.ERROR: Invalid route attempt: js/popper.js.map by user ID: 1  
[2024-05-14 08:35:47] local.ERROR: Invalid route attempt: js/popper.js.map by user ID: 1  
[2024-05-14 08:37:35] local.ERROR: Invalid route attempt: js/popper.js.map by user ID: 1  
[2024-05-14 08:37:54] local.ERROR: Undefined variable: assset  
[2024-05-14 08:40:49] local.ERROR: SQLSTATE[22007]: Invalid datetime format: 1366 Incorrect integer value: '["7"]' for column `ams`.`assets`.`customer_id` at row 1 (SQL: update `assets` set `order_number` = 1, `customer_order_number` = 1, `mac_address` = 1, `brand` = 1, `model` = 1, `ram` = 1, `storage` = 1, `wifi` = ad1, `qa_video_url` = 1, `customer_id` = ["7"], `component_ids` = 3, `assets`.`updated_at` = 2024-05-14 08:40:49 where `id` = 2)  
[2024-05-14 08:42:00] local.INFO: User Admin with ID - 1 just added the new asset with ID - 2  
[2024-05-14 08:43:38] local.ERROR: Undefined index: id  
[2024-05-14 08:43:41] local.ERROR: Invalid route attempt: js/popper.js.map by user ID: 1  
[2024-05-14 08:43:45] local.ERROR: Undefined index: id  
[2024-05-14 08:46:02] local.INFO: User Admin with ID - 1 just added the new asset with ID - 2  
[2024-05-14 08:46:13] local.ERROR: Invalid route attempt: js/popper.js.map by user ID: 1  
[2024-05-14 08:46:19] local.INFO: User Admin with ID - 1 just added the new asset with ID - 2  
[2024-05-14 08:46:28] local.ERROR: Invalid route attempt: js/popper.js.map by user ID: 1  
[2024-05-14 08:47:40] local.ERROR: Invalid route attempt: js/popper.js.map by user ID: 1  
[2024-05-14 08:47:43] local.ERROR: Invalid route attempt: js/popper.js.map by user ID: 1  
[2024-05-14 08:47:44] local.ERROR: Invalid route attempt: js/popper.js.map by user ID: 1  
[2024-05-14 08:47:51] local.ERROR: Invalid route attempt: js/popper.js.map by user ID: 1  
[2024-05-14 08:47:55] local.ERROR: Invalid route attempt: js/popper.js.map by user ID: 1  
[2024-05-14 08:51:36] local.INFO: User Admin with ID - 1 just added the new asset with ID - 3  
[2024-05-14 08:54:24] local.INFO: User Admin with ID - 1 just added the new asset with ID - 3  
[2024-05-14 08:57:26] local.INFO: User Admin with ID - 1 just added the new asset with ID - 3  
[2024-05-14 08:57:44] local.INFO: User Admin with ID - 1 just added the new asset with ID - 3  
[2024-05-14 08:57:53] local.INFO: User Admin with ID - 1 just added the new asset with ID - 2  
[2024-05-14 08:58:57] local.INFO: User Admin with ID - 1 just updated the component info ID - 7  
[2024-05-14 08:59:37] local.INFO: User Admin with ID - 1 just updated the user details: user - ID 1...  
[2024-05-14 09:07:43] local.ERROR: Invalid route attempt: img/flags.png by user ID: 1  
[2024-05-14 09:08:55] local.ERROR: Invalid route attempt: img/flags.png by user ID: 1  
[2024-05-14 09:10:27] local.INFO: User Admin with ID - 1 just updated the customer info with ID - 4  
[2024-05-14 09:10:49] local.INFO: User Admin with ID - 1 just updated the customer info with ID - 3  
[2024-05-14 09:18:03] local.INFO: User Admin with ID - 1 just added the new asset with ID - 3  
[2024-05-14 09:18:20] local.INFO: User Admin with ID - 1 just added the new asset with ID - 3  
[2024-05-14 09:19:50] local.INFO: User Admin with ID - 1 just updated the component info ID - 7  
[2024-05-14 09:20:35] local.INFO: User Admin with ID - 1 just updated the component info ID - 7  
[2024-05-14 09:21:53] local.INFO: User Admin with ID - 1 just updated the user details: user - ID 1...  
[2024-05-14 09:24:30] local.INFO: User Admin with ID - 1 just updated the customer info with ID - 4  
[2024-05-14 15:20:34] local.ERROR: Invalid route attempt: js/popper.js.map by user ID: 1  
[2024-05-14 15:22:38] local.ERROR: Invalid route attempt: js/popper.js.map by user ID: 1  
[2024-05-14 15:26:56] local.ERROR: Invalid route attempt: js/popper.js.map by user ID: 1  
[2024-05-14 15:29:11] local.ERROR: Invalid route attempt: js/popper.js.map by user ID: 1  
[2024-05-14 15:29:58] local.ERROR: Invalid route attempt: js/popper.js.map by user ID: 1  
[2024-05-14 15:30:35] local.ERROR: Invalid route attempt: js/popper.js.map by user ID: 1  
[2024-05-14 15:30:59] local.ERROR: Invalid route attempt: js/popper.js.map by user ID: 1  
[2024-05-14 15:31:41] local.ERROR: Invalid route attempt: js/popper.js.map by user ID: 1  
[2024-05-14 15:38:35] local.ERROR: Invalid route attempt: js/popper.js.map by user ID: 1  
[2024-05-14 15:39:22] local.ERROR: Invalid route attempt: js/popper.js.map by user ID: 1  
[2024-05-14 15:39:54] local.ERROR: Invalid route attempt: js/popper.js.map by user ID: 1  
[2024-05-14 15:42:08] local.ERROR: Invalid route attempt: js/popper.js.map by user ID: 1  
[2024-05-14 15:43:11] local.ERROR: Invalid route attempt: js/popper.js.map by user ID: 1  
[2024-05-14 15:43:43] local.ERROR: Invalid route attempt: js/popper.js.map by user ID: 1  
[2024-05-14 15:44:17] local.ERROR: Invalid route attempt: js/popper.js.map by user ID: 1  
[2024-05-14 15:44:49] local.ERROR: Invalid route attempt: js/popper.js.map by user ID: 1  
[2024-05-14 15:45:56] local.ERROR: Invalid route attempt: js/popper.js.map by user ID: 1  
[2024-05-14 15:46:36] local.ERROR: Invalid route attempt: js/popper.js.map by user ID: 1  
[2024-05-14 15:47:10] local.ERROR: Invalid route attempt: js/popper.js.map by user ID: 1  
[2024-05-14 15:47:38] local.ERROR: Invalid route attempt: js/popper.js.map by user ID: 1  
[2024-05-14 15:47:57] local.ERROR: Invalid route attempt: js/popper.js.map by user ID: 1  
[2024-05-14 15:50:02] local.ERROR: Invalid route attempt: js/popper.js.map by user ID: 1  
[2024-05-14 15:51:39] local.ERROR: Invalid route attempt: js/popper.js.map by user ID: 1  
[2024-05-14 15:52:13] local.ERROR: Invalid route attempt: js/popper.js.map by user ID: 1  
[2024-05-14 15:53:37] local.ERROR: Invalid route attempt: js/popper.js.map by user ID: 1  
[2024-05-14 15:55:50] local.ERROR: Invalid route attempt: js/popper.js.map by user ID: 1  
[2024-05-14 15:55:54] local.ERROR: Invalid route attempt: js/popper.js.map by user ID: 1  
[2024-05-14 15:56:20] local.ERROR: Invalid route attempt: js/popper.js.map by user ID: 1  
[2024-05-14 15:57:23] local.ERROR: Invalid route attempt: js/popper.js.map by user ID: 1  
[2024-05-14 15:57:40] local.ERROR: Invalid route attempt: js/popper.js.map by user ID: 1  
[2024-05-14 15:58:47] local.ERROR: Invalid route attempt: js/popper.js.map by user ID: 1  
[2024-05-14 16:01:42] local.ERROR: Invalid route attempt: js/popper.js.map by user ID: 1  
[2024-05-14 16:02:27] local.ERROR: Invalid route attempt: js/popper.js.map by user ID: 1  
[2024-05-14 16:03:04] local.ERROR: Invalid route attempt: js/popper.js.map by user ID: 1  
[2024-05-14 16:15:42] local.ERROR: Invalid route attempt: js/popper.js.map by user ID: 1  
[2024-05-14 16:16:02] local.ERROR: Invalid route attempt: js/popper.js.map by user ID: 1  
[2024-05-14 16:19:05] local.ERROR: Invalid route attempt: js/popper.js.map by user ID: 1  
[2024-05-14 16:20:26] local.ERROR: Invalid route attempt: js/popper.js.map by user ID: 1  
[2024-05-14 16:20:50] local.ERROR: Invalid route attempt: js/popper.js.map by user ID: 1  
[2024-05-14 16:21:32] local.ERROR: Invalid route attempt: js/popper.js.map by user ID: 1  
[2024-05-14 16:21:49] local.ERROR: Invalid route attempt: js/popper.js.map by user ID: 1  
[2024-05-14 16:22:04] local.ERROR: Invalid route attempt: js/popper.js.map by user ID: 1  
[2024-05-14 16:23:00] local.ERROR: Invalid route attempt: js/popper.js.map by user ID: 1  
[2024-05-14 16:23:27] local.ERROR: Invalid route attempt: js/popper.js.map by user ID: 1  
[2024-05-14 16:23:54] local.ERROR: Invalid route attempt: js/popper.js.map by user ID: 1  
[2024-05-14 16:24:28] local.ERROR: Invalid route attempt: js/popper.js.map by user ID: 1  
[2024-05-14 16:24:52] local.ERROR: Invalid route attempt: js/popper.js.map by user ID: 1  
[2024-05-14 16:25:10] local.ERROR: Invalid route attempt: js/popper.js.map by user ID: 1  
[2024-05-14 16:25:36] local.ERROR: Invalid route attempt: js/popper.js.map by user ID: 1  
[2024-05-14 16:26:14] local.ERROR: Invalid route attempt: js/popper.js.map by user ID: 1  
[2024-05-14 16:26:33] local.ERROR: Invalid route attempt: js/popper.js.map by user ID: 1  
[2024-05-14 16:27:34] local.ERROR: Invalid route attempt: js/popper.js.map by user ID: 1  
[2024-05-14 16:28:07] local.ERROR: Invalid route attempt: js/popper.js.map by user ID: 1  
[2024-05-14 16:28:27] local.ERROR: Invalid route attempt: js/popper.js.map by user ID: 1  
[2024-05-14 16:29:08] local.ERROR: Invalid route attempt: js/popper.js.map by user ID: 1  
[2024-05-14 16:33:09] local.ERROR: Invalid route attempt: js/popper.js.map by user ID: 1  
[2024-05-14 16:38:08] local.ERROR: Invalid route attempt: js/popper.js.map by user ID: 1  
[2024-05-14 16:38:34] local.ERROR: Invalid route attempt: js/popper.js.map by user ID: 1  
[2024-05-14 16:39:06] local.ERROR: Invalid route attempt: js/popper.js.map by user ID: 1  
[2024-05-14 16:39:42] local.ERROR: Invalid route attempt: js/popper.js.map by user ID: 1  
[2024-05-14 16:40:48] local.ERROR: Invalid route attempt: js/popper.js.map by user ID: 1  
[2024-05-14 16:41:23] local.ERROR: Invalid route attempt: js/popper.js.map by user ID: 1  
[2024-05-14 16:43:38] local.ERROR: Invalid route attempt: js/popper.js.map by user ID: 1  
[2024-05-14 16:46:46] local.ERROR: Invalid route attempt: js/popper.js.map by user ID: 1  
[2024-05-14 16:48:58] local.ERROR: Invalid route attempt: js/popper.js.map by user ID: 1  
[2024-05-14 16:50:55] local.ERROR: Invalid route attempt: js/popper.js.map by user ID: 1  
[2024-05-14 16:51:20] local.ERROR: Invalid route attempt: js/popper.js.map by user ID: 1  
[2024-05-14 16:52:33] local.ERROR: Invalid route attempt: js/popper.js.map by user ID: 1  
[2024-05-14 16:52:55] local.ERROR: Invalid route attempt: js/popper.js.map by user ID: 1  
[2024-05-14 16:53:57] local.ERROR: Invalid route attempt: js/popper.js.map by user ID: 1  
[2024-05-14 16:57:57] local.ERROR: Invalid route attempt: js/popper.js.map by user ID: 1  
[2024-05-14 17:10:29] local.ERROR: Invalid route attempt: js/popper.js.map by user ID: 1  
[2024-05-14 17:13:19] local.ERROR: Invalid route attempt: js/popper.js.map by user ID: 1  
[2024-05-14 17:28:21] local.ERROR: Invalid route attempt: js/popper.js.map by user ID: 1  
[2024-05-14 17:29:00] local.ERROR: Invalid route attempt: js/popper.js.map by user ID: 1  
[2024-05-14 17:29:01] local.ERROR: Invalid route attempt: js/popper.js.map by user ID: 1  
[2024-05-14 17:29:07] local.ERROR: Invalid route attempt: js/popper.js.map by user ID: 1  
[2024-05-14 17:30:48] local.ERROR: Invalid route attempt: js/popper.js.map by user ID: 1  
[2024-05-14 17:31:03] local.ERROR: Invalid route attempt: js/popper.js.map by user ID: 1  
[2024-05-14 17:32:48] local.ERROR: Invalid route attempt: js/popper.js.map by user ID: 1  
[2024-05-14 17:35:35] local.ERROR: Invalid route attempt: js/popper.js.map by user ID: 1  
