[2024-06-12 08:50:42] local.ERROR: Invalid route attempt: js/popper.js.map by user ID: 1  
[2024-06-12 08:54:51] local.ERROR: Invalid route attempt: js/popper.js.map by user ID: 1  
[2024-06-12 08:55:18] local.ERROR: Invalid route attempt: js/popper.js.map by user ID: 1  
[2024-06-12 08:57:05] local.ERROR: Invalid route attempt: js/popper.js.map by user ID: 1  
[2024-06-12 08:57:37] local.ERROR: Invalid route attempt: js/popper.js.map by user ID: 1  
[2024-06-12 08:59:03] local.ERROR: Invalid route attempt: js/popper.js.map by user ID: 1  
[2024-06-12 08:59:48] local.ERROR: Invalid route attempt: js/popper.js.map by user ID: 1  
[2024-06-12 09:00:38] local.ERROR: Invalid route attempt: js/popper.js.map by user ID: 1  
[2024-06-12 09:02:18] local.ERROR: Invalid route attempt: js/popper.js.map by user ID: 1  
[2024-06-12 09:02:35] local.ERROR: Invalid route attempt: js/popper.js.map by user ID: 1  
[2024-06-12 09:03:05] local.ERROR: SQLSTATE[22007]: Invalid datetime format: 1292 Incorrect datetime value: '2024-06-06T01:02:00.000Z' for column `ams`.`assets`.`manufacture_date` at row 1 (SQL: insert into `assets` (`order_number`, `customer_order_number`, `serial_number`, `quantity`, `brand`, `model`, `sku`, `qa_video_url`, `manufacture_date`, `warranty_period`, `warranty_started_date`, `warranty_expiry_date`, `customer_id`, `user_id`, `remarks`, `component_ids`, `created_at`, `is_active`, `updated_at`) values (1, ?, asdasd, 1, INPINITY, 55X-GEN 3, 123456, ?, 2024-06-06T01:02:00.000Z, 2 years, 2024-06-01T01:02:00.000Z, 2024-06-21T01:02:00.000Z, ?, 1, ?, [], 2024-06-12 09:03:05, 1, 2024-06-12 09:03:05))  
[2024-06-12 09:09:22] local.INFO: User 1 with ID - 1 just added the new asset with ID - 6  
[2024-06-12 09:11:12] local.ERROR: Invalid route attempt: js/popper.js.map by user ID: 1  
[2024-06-12 09:11:54] local.ERROR: Invalid route attempt: js/popper.js.map by user ID: 1  
[2024-06-12 09:12:56] local.ERROR: Invalid route attempt: js/popper.js.map by user ID: 1  
[2024-06-12 09:13:05] local.INFO: User 1 with ID - 1 just added the new asset with ID - 6  
[2024-06-12 09:13:10] local.ERROR: Invalid route attempt: js/popper.js.map by user ID: 1  
[2024-06-12 09:13:19] local.INFO: User 1 with ID - 1 just added the new asset with ID - 6  
[2024-06-12 09:13:47] local.INFO: User 1 with ID - 1 just added the new asset with ID - 6  
[2024-06-12 09:13:52] local.ERROR: Invalid route attempt: js/popper.js.map by user ID: 1  
[2024-06-12 09:14:49] local.INFO: User 1 with ID - 1 just deleted the asset ID - 6  
[2024-06-12 09:14:52] local.INFO: User 1 with ID - 1 just deleted the asset ID - 5  
[2024-06-12 09:16:05] local.ERROR: Invalid route attempt: js/popper.js.map by user ID: 1  
[2024-06-12 09:16:39] local.INFO: User 1 with ID - 1 just added the new asset with ID - 7  
[2024-06-12 09:17:48] local.ERROR: Invalid route attempt: js/popper.js.map by user ID: 1  
[2024-06-12 09:17:59] local.ERROR: Invalid route attempt: js/popper.js.map by user ID: 1  
[2024-06-12 09:18:49] local.ERROR: Invalid route attempt: js/popper.js.map by user ID: 1  
[2024-06-12 09:20:12] local.ERROR: Invalid route attempt: js/popper.js.map by user ID: 1  
[2024-06-12 09:20:26] local.ERROR: Invalid route attempt: js/popper.js.map by user ID: 1  
[2024-06-12 09:20:56] local.ERROR: Invalid route attempt: js/popper.js.map by user ID: 1  
[2024-06-12 09:21:05] local.INFO: User 1 with ID - 1 just added the new asset with ID - 7  
[2024-06-12 09:21:09] local.ERROR: Invalid route attempt: js/popper.js.map by user ID: 1  
[2024-06-12 09:21:20] local.ERROR: Invalid route attempt: js/popper.js.map by user ID: 1  
[2024-06-12 09:22:38] local.ERROR: Invalid route attempt: js/popper.js.map by user ID: 1  
[2024-06-12 09:22:40] local.ERROR: Illegal string offset 'id'  
[2024-06-12 09:23:51] local.ERROR: Invalid route attempt: js/popper.js.map by user ID: 1  
[2024-06-12 09:24:12] local.ERROR: Invalid route attempt: js/popper.js.map by user ID: 1  
[2024-06-12 09:24:39] local.ERROR: Invalid route attempt: js/popper.js.map by user ID: 1  
[2024-06-12 09:24:55] local.ERROR: Invalid route attempt: js/popper.js.map by user ID: 1  
[2024-06-12 09:25:02] local.ERROR: Invalid route attempt: js/popper.js.map by user ID: 1  
[2024-06-12 09:26:17] local.ERROR: Invalid route attempt: js/popper.js.map by user ID: 1  
[2024-06-12 09:26:51] local.ERROR: Invalid route attempt: js/popper.js.map by user ID: 1  
[2024-06-12 09:26:55] local.INFO: User 1 with ID - 1 just added the new asset with ID - 7  
[2024-06-12 09:26:58] local.ERROR: Invalid route attempt: js/popper.js.map by user ID: 1  
[2024-06-12 09:27:24] local.INFO: User 1 with ID - 1 just added the new asset with ID - 7  
[2024-06-12 09:27:26] local.ERROR: Invalid route attempt: js/popper.js.map by user ID: 1  
[2024-06-12 09:27:29] local.ERROR: Invalid route attempt: js/popper.js.map by user ID: 1  
[2024-06-12 09:34:32] local.INFO: User 1 with ID - 1 just deleted the component ID - 5  
[2024-06-12 09:34:35] local.INFO: User 1 with ID - 1 just deleted the component ID - 4  
[2024-06-12 09:49:24] local.ERROR: Invalid route attempt: js/popper.js.map by user ID: 1  
[2024-06-12 09:52:25] local.ERROR: Invalid route attempt: js/popper.js.map by user ID: 1  
[2024-06-12 09:53:20] local.ERROR: Invalid route attempt: js/popper.js.map by user ID: 1  
[2024-06-12 09:53:35] local.ERROR: Invalid route attempt: js/popper.js.map by user ID: 1  
[2024-06-12 09:54:06] local.ERROR: Invalid route attempt: js/popper.js.map by user ID: 1  
[2024-06-12 09:54:29] local.ERROR: Invalid route attempt: js/popper.js.map by user ID: 1  
[2024-06-12 09:55:01] local.ERROR: Invalid route attempt: js/popper.js.map by user ID: 1  
[2024-06-12 09:56:45] local.ERROR: Invalid route attempt: js/popper.js.map by user ID: 1  
[2024-06-12 09:56:53] local.ERROR: Invalid route attempt: js/popper.js.map by user ID: 1  
[2024-06-12 09:59:02] local.ERROR: Invalid route attempt: js/popper.js.map by user ID: 1  
[2024-06-12 10:00:30] local.ERROR: Invalid route attempt: js/popper.js.map by user ID: 1  
[2024-06-12 10:01:17] local.ERROR: Invalid route attempt: js/popper.js.map by user ID: 1  
[2024-06-12 10:01:59] local.ERROR: Invalid route attempt: js/popper.js.map by user ID: 1  
[2024-06-12 10:02:20] local.ERROR: Invalid route attempt: js/popper.js.map by user ID: 1  
[2024-06-12 10:04:11] local.ERROR: Invalid route attempt: js/popper.js.map by user ID: 1  
[2024-06-12 10:05:48] local.ERROR: Invalid route attempt: js/popper.js.map by user ID: 1  
[2024-06-12 10:06:26] local.ERROR: Invalid route attempt: js/popper.js.map by user ID: 1  
[2024-06-12 10:08:33] local.ERROR: Invalid route attempt: js/popper.js.map by user ID: 1  
[2024-06-12 10:13:06] local.ERROR: Invalid route attempt: js/popper.js.map by user ID: 1  
[2024-06-12 10:13:35] local.ERROR: Invalid route attempt: js/popper.js.map by user ID: 1  
[2024-06-12 10:19:32] local.ERROR: Invalid route attempt: js/popper.js.map by user ID: 1  
[2024-06-12 10:20:13] local.ERROR: Invalid route attempt: js/popper.js.map by user ID: 1  
[2024-06-12 10:22:20] local.ERROR: Invalid route attempt: js/popper.js.map by user ID: 1  
[2024-06-12 10:22:44] local.ERROR: Invalid route attempt: js/popper.js.map by user ID: 1  
[2024-06-12 10:24:50] local.ERROR: Invalid route attempt: js/popper.js.map by user ID: 1  
[2024-06-12 10:25:10] local.ERROR: Invalid route attempt: js/popper.js.map by user ID: 1  
[2024-06-12 10:27:58] local.ERROR: Invalid route attempt: js/popper.js.map by user ID: 1  
[2024-06-12 10:32:15] local.ERROR: Invalid route attempt: js/popper.js.map by user ID: 1  
[2024-06-12 10:32:46] local.ERROR: Invalid route attempt: js/popper.js.map by user ID: 1  
[2024-06-12 10:34:16] local.ERROR: Invalid route attempt: js/popper.js.map by user ID: 1  
[2024-06-12 10:36:00] local.ERROR: Invalid route attempt: js/popper.js.map by user ID: 1  
[2024-06-12 10:37:45] local.ERROR: Invalid route attempt: js/popper.js.map by user ID: 1  
[2024-06-12 10:39:59] local.ERROR: Invalid route attempt: js/popper.js.map by user ID: 1  
[2024-06-12 10:42:26] local.ERROR: Invalid route attempt: js/popper.js.map by user ID: 1  
[2024-06-12 10:43:29] local.ERROR: Invalid route attempt: js/popper.js.map by user ID: 1  
[2024-06-12 10:43:38] local.ERROR: Invalid route attempt: js/popper.js.map by user ID: 1  
[2024-06-12 10:49:35] local.ERROR: Invalid route attempt: js/popper.js.map by user ID: 1  
[2024-06-12 10:50:03] local.ERROR: Invalid route attempt: js/popper.js.map by user ID: 1  
[2024-06-12 10:50:46] local.ERROR: Invalid route attempt: js/popper.js.map by user ID: 1  
[2024-06-12 10:51:31] local.ERROR: Invalid route attempt: js/popper.js.map by user ID: 1  
[2024-06-12 10:52:56] local.ERROR: Invalid route attempt: js/popper.js.map by user ID: 1  
[2024-06-12 10:53:46] local.ERROR: Invalid route attempt: js/popper.js.map by user ID: 1  
[2024-06-12 10:55:07] local.ERROR: Invalid route attempt: js/popper.js.map by user ID: 1  
[2024-06-12 10:56:24] local.ERROR: Invalid route attempt: js/popper.js.map by user ID: 1  
[2024-06-12 10:57:00] local.ERROR: Invalid route attempt: js/popper.js.map by user ID: 1  
[2024-06-12 11:03:16] local.ERROR: Invalid route attempt: js/popper.js.map by user ID: 1  
[2024-06-12 11:04:02] local.ERROR: Invalid route attempt: js/popper.js.map by user ID: 1  
[2024-06-12 11:05:12] local.ERROR: Invalid route attempt: js/popper.js.map by user ID: 1  
[2024-06-12 11:10:17] local.ERROR: Invalid route attempt: js/popper.js.map by user ID: 1  
[2024-06-12 11:10:53] local.ERROR: Invalid route attempt: js/popper.js.map by user ID: 1  
[2024-06-12 11:11:19] local.ERROR: Invalid route attempt: js/popper.js.map by user ID: 1  
[2024-06-12 11:17:24] local.ERROR: Invalid route attempt: js/popper.js.map by user ID: 1  
[2024-06-12 11:21:14] local.ERROR: Invalid route attempt: js/popper.js.map by user ID: 1  
[2024-06-12 11:28:08] local.ERROR: Invalid route attempt: js/popper.js.map by user ID: 1  
[2024-06-12 11:31:01] local.ERROR: Invalid route attempt: js/popper.js.map by user ID: 1  
[2024-06-12 11:40:13] local.ERROR: Invalid route attempt: js/popper.js.map by user ID: 1  
[2024-06-12 16:27:41] local.ERROR: Invalid route attempt: js/popper.js.map by user ID: 1  
[2024-06-12 16:29:42] local.ERROR: Invalid route attempt: js/popper.js.map by user ID: 1  
[2024-06-12 16:30:49] local.ERROR: Invalid route attempt: js/popper.js.map by user ID: 1  
[2024-06-12 16:31:59] local.ERROR: Invalid route attempt: js/popper.js.map by user ID: 1  
[2024-06-12 16:32:34] local.ERROR: Invalid route attempt: js/popper.js.map by user ID: 1  
[2024-06-12 16:33:37] local.ERROR: Invalid route attempt: js/popper.js.map by user ID: 1  
[2024-06-12 16:33:50] local.ERROR: SQLSTATE[42S22]: Column not found: 1054 Unknown column 'mac_address' in 'field list' (SQL: insert into `assets` (`order_number`, `customer_order_number`, `serial_number`, `mac_address`, `brand`, `model`, `sku`, `qa_video_url`, `manufacture_date`, `warranty_period`, `warranty_started_date`, `warranty_expiry_date`, `customer_id`, `user_id`, `remarks`, `component_ids`, `created_at`, `is_active`, `updated_at`) values (100, ?, asd, ss, 16, 8, 5, ?, 2024-06-14, 2 years, 2024-06-06, 2024-06-12, ?, 1, ?, [], 2024-06-12 16:33:50, 1, 2024-06-12 16:33:50))  
[2024-06-12 16:34:55] local.INFO: User 1 with ID - 1 just added the new asset with ID - 8  
[2024-06-12 16:36:26] local.ERROR: Invalid route attempt: js/popper.js.map by user ID: 1  
[2024-06-12 16:37:01] local.ERROR: Invalid route attempt: js/popper.js.map by user ID: 1  
[2024-06-12 16:37:20] local.ERROR: Invalid route attempt: js/popper.js.map by user ID: 1  
[2024-06-12 16:38:55] local.ERROR: Invalid route attempt: js/popper.js.map by user ID: 1  
[2024-06-12 16:40:01] local.ERROR: Invalid route attempt: js/popper.js.map by user ID: 1  
[2024-06-12 16:40:03] local.INFO: User 1 with ID - 1 just added the new asset with ID - 8  
[2024-06-12 16:40:07] local.ERROR: Invalid route attempt: js/popper.js.map by user ID: 1  
[2024-06-12 16:40:23] local.INFO: User 1 with ID - 1 just added the new asset with ID - 8  
[2024-06-12 16:40:33] local.ERROR: Undefined offset: 0  
[2024-06-12 16:41:16] local.ERROR: Undefined offset: 0  
[2024-06-12 16:41:28] local.ERROR: Invalid route attempt: js/popper.js.map by user ID: 1  
[2024-06-12 16:41:51] local.INFO: User 1 with ID - 1 just added a new customer with ID - 2  
[2024-06-12 16:42:23] local.INFO: User 1 with ID - 1 just added the new asset with ID - 8  
[2024-06-12 16:42:34] local.INFO: User 1 with ID - 1 just added the new asset with ID - 8  
[2024-06-12 16:42:37] local.ERROR: Invalid route attempt: js/popper.js.map by user ID: 1  
[2024-06-12 16:42:40] local.INFO: User 1 with ID - 1 just added the new asset with ID - 8  
[2024-06-12 16:42:42] local.ERROR: Invalid route attempt: js/popper.js.map by user ID: 1  
[2024-06-12 16:42:43] local.ERROR: Invalid route attempt: js/popper.js.map by user ID: 1  
[2024-06-12 16:43:27] local.ERROR: Invalid route attempt: js/popper.js.map by user ID: 1  
[2024-06-12 16:43:27] local.ERROR: Invalid route attempt: js/popper.js.map by user ID: 1  
[2024-06-12 16:43:27] local.ERROR: Invalid route attempt: js/popper.js.map by user ID: 1  
[2024-06-12 16:53:57] local.ERROR: Invalid route attempt: js/popper.js.map by user ID: 1  
[2024-06-12 17:18:08] local.ERROR: Invalid route attempt: js/popper.js.map by user ID: 1  
[2024-06-12 17:18:52] local.ERROR: Invalid route attempt: js/popper.js.map by user ID: 1  
[2024-06-12 17:19:38] local.ERROR: Invalid route attempt: js/popper.js.map by user ID: 1  
[2024-06-12 17:21:53] local.ERROR: Invalid route attempt: js/popper.js.map by user ID: 1  
[2024-06-12 17:22:16] local.ERROR: Invalid route attempt: js/popper.js.map by user ID: 1  
[2024-06-12 17:25:47] local.ERROR: Invalid route attempt: js/popper.js.map by user ID: 1  
[2024-06-12 17:27:43] local.ERROR: Invalid route attempt: js/popper.js.map by user ID: 1  
