[2024-06-20 08:19:27] local.INFO: User 1 with ID - 1 just updated the brand name - ID 8...  
[2024-06-20 08:27:47] local.INFO: User 1 with ID - 1 just added the new component info with ID - 1  
[2024-06-20 08:30:33] local.INFO: User 1 with ID - 1 just added a new model with ID - 14  
[2024-06-20 08:31:18] local.INFO: User 1 with ID - 1 just added the new component info with ID - 2  
[2024-06-20 08:40:02] local.INFO: User 1 with ID - 1 just deleted the model ID - 15  
[2024-06-20 08:40:10] local.INFO: User 1 with ID - 1 just deleted the brand ID - 23  
[2024-06-20 14:18:26] local.INFO: User 1 with ID - 1 just deleted the brand ID - 22  
[2024-06-20 14:18:32] local.INFO: User 1 with ID - 1 just deleted the brand ID - 16  
[2024-06-20 14:23:33] local.INFO: User 1 with ID - 1 just added the new component info with ID - 3  
[2024-06-20 14:24:07] local.ERROR: Invalid route attempt: js/popper.js.map by user ID: 1  
[2024-06-20 14:24:18] local.ERROR: Invalid route attempt: js/popper.js.map by user ID: 1  
[2024-06-20 14:25:09] local.ERROR: Invalid route attempt: js/popper.js.map by user ID: 1  
[2024-06-20 14:29:04] local.INFO: User 1 with ID - 1 just added a new model with ID - 17  
[2024-06-20 14:29:36] local.ERROR: Invalid route attempt: js/popper.js.map by user ID: 1  
[2024-06-20 14:31:16] local.INFO: User 1 with ID - 1 just added the new component info with ID - 4  
[2024-06-20 14:32:24] local.ERROR: Invalid route attempt: js/popper.js.map by user ID: 1  
[2024-06-20 14:41:09] local.ERROR: Invalid route attempt: js/popper.js.map by user ID: 1  
[2024-06-20 14:42:43] local.ERROR: Invalid route attempt: js/popper.js.map by user ID: 1  
[2024-06-20 14:42:51] local.ERROR: Invalid route attempt: js/popper.js.map by user ID: 1  
[2024-06-20 14:48:24] local.INFO: User 1 with ID - 1 just added the new asset with ID - 7  
[2024-06-20 14:59:58] local.ERROR: Invalid route attempt: js/popper.js.map by user ID: 1  
[2024-06-20 15:00:06] local.ERROR: Invalid route attempt: js/popper.js.map by user ID: 1  
[2024-06-20 15:02:15] local.ERROR: Invalid route attempt: js/popper.js.map by user ID: 1  
[2024-06-20 15:03:01] local.ERROR: Invalid route attempt: js/popper.js.map by user ID: 1  
[2024-06-20 15:03:32] local.ERROR: Invalid route attempt: js/popper.js.map by user ID: 1  
[2024-06-20 15:05:39] local.ERROR: Invalid route attempt: js/popper.js.map by user ID: 1  
[2024-06-20 15:08:53] local.ERROR: Invalid route attempt: js/popper.js.map by user ID: 1  
[2024-06-20 15:10:16] local.ERROR: Invalid route attempt: js/popper.js.map by user ID: 1  
[2024-06-20 15:10:27] local.ERROR: Invalid route attempt: js/popper.js.map by user ID: 1  
[2024-06-20 15:10:49] local.ERROR: Invalid route attempt: js/popper.js.map by user ID: 1  
[2024-06-20 15:11:44] local.ERROR: Invalid route attempt: js/popper.js.map by user ID: 1  
[2024-06-20 15:12:06] local.ERROR: Invalid route attempt: js/popper.js.map by user ID: 1  
[2024-06-20 15:17:02] local.INFO: User 1 with ID - 1 just added the new component info with ID - 5  
[2024-06-20 15:17:47] local.ERROR: Invalid route attempt: js/popper.js.map by user ID: 1  
[2024-06-20 15:18:35] local.ERROR: Invalid route attempt: js/popper.js.map by user ID: 1  
[2024-06-20 15:21:04] local.ERROR: Invalid route attempt: js/popper.js.map by user ID: 1  
[2024-06-20 15:21:18] local.ERROR: Invalid route attempt: js/popper.js.map by user ID: 1  
[2024-06-20 15:21:41] local.ERROR: Invalid route attempt: js/popper.js.map by user ID: 1  
[2024-06-20 15:23:24] local.ERROR: Invalid route attempt: js/popper.js.map by user ID: 1  
[2024-06-20 15:23:38] local.ERROR: Invalid route attempt: js/popper.js.map by user ID: 1  
[2024-06-20 15:25:26] local.ERROR: Invalid route attempt: js/popper.js.map by user ID: 1  
[2024-06-20 15:26:31] local.ERROR: Invalid route attempt: js/popper.js.map by user ID: 1  
[2024-06-20 15:27:15] local.INFO: User 1 with ID - 1 just added the new component info with ID - 6  
[2024-06-20 15:32:07] local.ERROR: Invalid route attempt: js/popper.js.map by user ID: 1  
[2024-06-20 15:32:47] local.ERROR: Invalid route attempt: js/popper.js.map by user ID: 1  
[2024-06-20 15:33:30] local.ERROR: Invalid route attempt: js/popper.js.map by user ID: 1  
[2024-06-20 15:34:31] local.ERROR: Invalid route attempt: js/popper.js.map by user ID: 1  
[2024-06-20 15:36:22] local.ERROR: Invalid route attempt: js/popper.js.map by user ID: 1  
[2024-06-20 15:36:53] local.ERROR: Invalid route attempt: js/popper.js.map by user ID: 1  
[2024-06-20 15:37:11] local.ERROR: Invalid route attempt: js/popper.js.map by user ID: 1  
[2024-06-20 15:37:38] local.ERROR: Invalid route attempt: js/popper.js.map by user ID: 1  
[2024-06-20 15:39:05] local.ERROR: Invalid route attempt: js/popper.js.map by user ID: 1  
[2024-06-20 15:39:26] local.ERROR: Invalid route attempt: js/popper.js.map by user ID: 1  
[2024-06-20 15:39:48] local.ERROR: Invalid route attempt: js/popper.js.map by user ID: 1  
[2024-06-20 15:39:58] local.ERROR: Invalid route attempt: js/popper.js.map by user ID: 1  
[2024-06-20 15:40:26] local.ERROR: Invalid route attempt: js/popper.js.map by user ID: 1  
[2024-06-20 15:40:49] local.ERROR: Invalid route attempt: js/popper.js.map by user ID: 1  
[2024-06-20 15:51:25] local.ERROR: Invalid route attempt: js/popper.js.map by user ID: 1  
[2024-06-20 15:52:11] local.ERROR: Invalid route attempt: js/popper.js.map by user ID: 1  
[2024-06-20 15:55:07] local.ERROR: Invalid route attempt: js/popper.js.map by user ID: 1  
[2024-06-20 16:05:02] local.INFO: User 1 with ID - 1 just added a new brand with ID - 25  
[2024-06-20 16:05:20] local.INFO: User 1 with ID - 1 just added a new brand with ID - 26  
[2024-06-20 16:05:52] local.INFO: User 1 with ID - 1 just added a new brand with ID - 27  
[2024-06-20 16:10:11] local.INFO: User 1 with ID - 1 just added a new model with ID - 18  
[2024-06-20 16:13:35] local.INFO: User 1 with ID - 1 just added a new model with ID - 19  
[2024-06-20 16:14:55] local.INFO: User 1 with ID - 1 just added the new component info with ID - 7  
[2024-06-20 16:16:09] local.INFO: User 1 with ID - 1 just added the new asset with ID - 8  
[2024-06-20 16:17:32] local.INFO: User 1 with ID - 1 just added a new model with ID - 20  
[2024-06-20 16:18:29] local.INFO: User 1 with ID - 1 just added the new component info with ID - 8  
[2024-06-20 16:18:34] local.INFO: User 1 with ID - 1 just added the new component info with ID - 9  
[2024-06-20 16:26:25] local.INFO: User 1 with ID - 1 just added a new model with ID - 21  
[2024-06-20 16:26:47] local.INFO: User 1 with ID - 1 just added a new model with ID - 22  
[2024-06-20 16:29:28] local.INFO: User 1 with ID - 1 just added the new component info with ID - 10  
[2024-06-20 16:45:30] local.ERROR: Invalid route attempt: js/popper.js.map by user ID: 1  
[2024-06-20 16:45:35] local.ERROR: Invalid route attempt: js/popper.js.map by user ID: 1  
[2024-06-20 16:50:13] local.ERROR: Invalid route attempt: js/popper.js.map by user ID: 1  
[2024-06-20 16:50:41] local.ERROR: Invalid route attempt: js/popper.js.map by user ID: 1  
[2024-06-20 16:50:58] local.ERROR: Invalid route attempt: js/popper.js.map by user ID: 1  
[2024-06-20 16:53:25] local.ERROR: Invalid route attempt: js/popper.js.map by user ID: 1  
[2024-06-20 16:59:52] local.ERROR: Invalid route attempt: js/popper.js.map by user ID: 1  
[2024-06-20 17:00:41] local.ERROR: Invalid route attempt: js/popper.js.map by user ID: 1  
[2024-06-20 17:01:03] local.ERROR: Invalid route attempt: js/popper.js.map by user ID: 1  
[2024-06-20 17:01:11] local.ERROR: Invalid route attempt: js/popper.js.map by user ID: 1  
[2024-06-20 17:02:15] local.INFO: User 1 with ID - 1 just added the new component info with ID - 11  
[2024-06-20 17:06:02] local.ERROR: Invalid route attempt: js/popper.js.map by user ID: 1  
[2024-06-20 17:06:08] local.INFO: User 1 with ID - 1 just deleted the component ID - 11  
[2024-06-20 17:07:15] local.ERROR: Invalid route attempt: js/popper.js.map by user ID: 1  
[2024-06-20 17:07:59] local.ERROR: Invalid route attempt: js/popper.js.map by user ID: 1  
[2024-06-20 17:11:08] local.INFO: User 1 with ID - 1 just added the new asset with ID - 8  
[2024-06-20 17:13:14] local.ERROR: Invalid route attempt: js/popper.js.map by user ID: 1  
[2024-06-20 17:13:23] local.ERROR: Invalid route attempt: js/popper.js.map by user ID: 1  
[2024-06-20 17:19:13] local.ERROR: Invalid route attempt: js/popper.js.map by user ID: 1  
[2024-06-20 17:21:32] local.ERROR: Invalid route attempt: js/popper.js.map by user ID: 1  
[2024-06-20 17:21:59] local.ERROR: Invalid route attempt: js/popper.js.map by user ID: 1  
[2024-06-20 17:23:10] local.ERROR: Invalid route attempt: js/popper.js.map by user ID: 1  
[2024-06-20 17:24:03] local.ERROR: Invalid route attempt: js/popper.js.map by user ID: 1  
[2024-06-20 17:24:29] local.ERROR: Invalid route attempt: js/popper.js.map by user ID: 1  
[2024-06-20 17:24:59] local.ERROR: Invalid route attempt: js/popper.js.map by user ID: 1  
[2024-06-20 17:25:11] local.ERROR: Invalid route attempt: js/popper.js.map by user ID: 1  
[2024-06-20 17:25:20] local.ERROR: Invalid route attempt: js/popper.js.map by user ID: 1  
[2024-06-20 17:26:20] local.ERROR: Invalid route attempt: js/popper.js.map by user ID: 1  
[2024-06-20 17:27:12] local.ERROR: Invalid route attempt: js/popper.js.map by user ID: 1  
[2024-06-20 17:28:01] local.ERROR: Invalid route attempt: js/popper.js.map by user ID: 1  
[2024-06-20 17:30:46] local.ERROR: Invalid route attempt: js/popper.js.map by user ID: 1  
[2024-06-20 17:31:09] local.ERROR: Invalid route attempt: js/popper.js.map by user ID: 1  
[2024-06-20 17:32:35] local.ERROR: Invalid route attempt: js/popper.js.map by user ID: 1  
[2024-06-20 17:33:13] local.ERROR: Invalid route attempt: js/popper.js.map by user ID: 1  
[2024-06-20 17:35:46] local.ERROR: Invalid route attempt: js/popper.js.map by user ID: 1  
[2024-06-20 17:35:56] local.ERROR: Invalid route attempt: js/popper.js.map by user ID: 1  
[2024-06-20 17:41:22] local.ERROR: Invalid route attempt: js/popper.js.map by user ID: 1  
[2024-06-20 17:42:01] local.ERROR: Invalid route attempt: js/popper.js.map by user ID: 1  
[2024-06-20 17:42:13] local.INFO: User 1 with ID - 1 just added the new asset with ID - 8  
[2024-06-20 17:42:17] local.ERROR: Invalid route attempt: js/popper.js.map by user ID: 1  
[2024-06-20 17:44:16] local.ERROR: Invalid route attempt: js/popper.js.map by user ID: 1  
[2024-06-20 17:44:55] local.ERROR: Invalid route attempt: js/popper.js.map by user ID: 1  
[2024-06-20 17:49:55] local.ERROR: Invalid route attempt: js/popper.js.map by user ID: 1  
[2024-06-20 17:50:29] local.ERROR: Invalid route attempt: js/popper.js.map by user ID: 1  
[2024-06-20 17:50:35] local.ERROR: Invalid route attempt: js/popper.js.map by user ID: 1  
[2024-06-20 17:50:53] local.INFO: User 1 with ID - 1 just added the new asset with ID - 8  
[2024-06-20 17:51:04] local.ERROR: Invalid route attempt: js/popper.js.map by user ID: 1  
[2024-06-20 17:52:13] local.INFO: User 1 with ID - 1 just added the new component info with ID - 12  
[2024-06-20 17:52:32] local.ERROR: Invalid route attempt: js/popper.js.map by user ID: 1  
[2024-06-20 17:53:49] local.ERROR: Invalid route attempt: js/popper.js.map by user ID: 1  
[2024-06-20 17:54:08] local.INFO: User 1 with ID - 1 just deleted the component ID - 12  
[2024-06-20 17:54:35] local.INFO: User 1 with ID - 1 just updated the component info ID - 6  
[2024-06-20 18:07:29] local.ERROR: Invalid route attempt: js/popper.js.map by user ID: 1  
[2024-06-20 18:11:02] local.ERROR: Invalid route attempt: js/popper.js.map by user ID: 1  
[2024-06-20 18:12:13] local.ERROR: Invalid route attempt: js/popper.js.map by user ID: 1  
[2024-06-20 18:12:35] local.ERROR: SQLSTATE[23000]: Integrity constraint violation: 1048 Column 'serial_number' cannot be null (SQL: insert into `assets` (`order_number`, `customer_order_number`, `serial_number`, `mac_address`, `brand`, `model`, `sku`, `qa_video_url`, `manufacture_date`, `warranty_period`, `warranty_started_date`, `warranty_expiry_date`, `customer_id`, `user_id`, `remarks`, `component_ids`, `created_at`, `is_active`, `updated_at`) values (111, ?, ?, ?, 27, 18, 6, ?, 2024-06-05, 1, 2024-06-05, 2024-06-20, ?, 1, ?, ["7"], 2024-06-20 18:12:35, 1, 2024-06-20 18:12:35))  
[2024-06-20 18:14:01] local.INFO: User 1 with ID - 1 just added the new asset with ID - 9  
[2024-06-20 18:20:10] local.ERROR: Invalid route attempt: js/popper.js.map by user ID: 1  
[2024-06-20 18:20:45] local.ERROR: Invalid route attempt: js/popper.js.map by user ID: 1  
[2024-06-20 18:21:19] local.ERROR: Invalid route attempt: js/popper.js.map by user ID: 1  
[2024-06-20 18:22:06] local.ERROR: Invalid route attempt: js/popper.js.map by user ID: 1  
[2024-06-20 18:22:15] local.INFO: User 1 with ID - 1 just added the new asset with ID - 9  
[2024-06-20 18:22:20] local.ERROR: Invalid route attempt: js/popper.js.map by user ID: 1  
[2024-06-20 18:27:58] local.INFO: User 1 with ID - 1 just added the new asset with ID - 8  
[2024-06-20 18:28:04] local.INFO: User 1 with ID - 1 just added the new asset with ID - 9  
[2024-06-20 21:38:30] local.INFO: User 1 with ID - 1 just added the new asset with ID - 8  
[2024-06-20 21:59:41] local.ERROR: Invalid route attempt: js/popper.js.map by user ID: 1  
[2024-06-20 22:00:26] local.ERROR: Invalid route attempt: js/popper.js.map by user ID: 1  
[2024-06-20 22:03:51] local.ERROR: Invalid route attempt: js/popper.js.map by user ID: 1  
[2024-06-20 22:03:54] local.INFO: User 1 with ID - 1 just added the new asset with ID - 12  
[2024-06-20 22:05:45] local.ERROR: Invalid route attempt: js/popper.js.map by user ID: 1  
[2024-06-20 22:06:19] local.ERROR: Invalid route attempt: js/popper.js.map by user ID: 1  
[2024-06-20 22:13:06] local.ERROR: Invalid route attempt: js/popper.js.map by user ID: 1  
