[2024-06-25 09:26:02] local.INFO: User 1 with ID - 1 just added a new model with ID - 33  
[2024-06-25 09:26:26] local.INFO: User 1 with ID - 1 just added a new model with ID - 34  
[2024-06-25 09:26:49] local.INFO: User 1 with ID - 1 just added a new model with ID - 35  
[2024-06-25 09:27:06] local.INFO: User 1 with ID - 1 just added a new model with ID - 36  
[2024-06-25 09:27:28] local.INFO: User 1 with ID - 1 just updated the model name - ID 33...  
[2024-06-25 09:28:22] local.INFO: User 1 with ID - 1 just added a new model with ID - 37  
[2024-06-25 09:28:39] local.INFO: User 1 with ID - 1 just added a new model with ID - 38  
[2024-06-25 09:28:55] local.INFO: User 1 with ID - 1 just added a new model with ID - 39  
[2024-06-25 09:29:16] local.INFO: User 1 with ID - 1 just added a new model with ID - 40  
[2024-06-25 09:36:12] local.INFO: User 1 with ID - 1 just added the new component info with ID - 23  
[2024-06-25 09:38:15] local.INFO: User 1 with ID - 1 just added the new component info with ID - 24  
[2024-06-25 09:39:27] local.INFO: User 1 with ID - 1 just added the new component info with ID - 25  
[2024-06-25 09:40:11] local.INFO: User 1 with ID - 1 just updated the component info ID - 23  
[2024-06-25 09:40:31] local.INFO: User 1 with ID - 1 just updated the component info ID - 24  
[2024-06-25 09:43:41] local.INFO: User 1 with ID - 1 just deleted the brand ID - 13  
[2024-06-25 09:44:03] local.INFO: User 1 with ID - 1 just deleted the brand ID - 9  
[2024-06-25 09:51:22] local.INFO: User 1 with ID - 1 just deleted the SKU ID - 16  
[2024-06-25 09:51:26] local.INFO: User 1 with ID - 1 just deleted the SKU ID - 16  
[2024-06-25 09:51:31] local.INFO: User 1 with ID - 1 just deleted the SKU ID - 16  
[2024-06-25 09:51:36] local.INFO: User 1 with ID - 1 just deleted the SKU ID - 16  
[2024-06-25 09:51:42] local.INFO: User 1 with ID - 1 just deleted the SKU ID - 16  
[2024-06-25 09:51:46] local.INFO: User 1 with ID - 1 just deleted the SKU ID - 16  
[2024-06-25 09:51:53] local.INFO: User 1 with ID - 1 just deleted the SKU ID - 2  
[2024-06-25 09:52:08] local.INFO: User 1 with ID - 1 just deleted the SKU ID - 16  
[2024-06-25 09:52:13] local.INFO: User 1 with ID - 1 just deleted the SKU ID - 16  
[2024-06-25 10:16:24] local.INFO: User 1 with ID - 1 just added a new model with ID - 41  
[2024-06-25 10:16:43] local.INFO: User 1 with ID - 1 just added a new model with ID - 42  
[2024-06-25 10:17:06] local.INFO: User 1 with ID - 1 just added a new model with ID - 43  
[2024-06-25 10:23:36] local.INFO: User 1 with ID - 1 just updated the model name - ID 43...  
[2024-06-25 10:23:55] local.INFO: User 1 with ID - 1 just updated the model name - ID 42...  
[2024-06-25 10:24:18] local.INFO: User 1 with ID - 1 just updated the model name - ID 41...  
[2024-06-25 10:24:46] local.INFO: User 1 with ID - 1 just added a new model with ID - 44  
[2024-06-25 10:26:43] local.INFO: User 1 with ID - 1 just added the new component info with ID - 26  
[2024-06-25 10:27:26] local.INFO: User 1 with ID - 1 just added the new component info with ID - 27  
[2024-06-25 10:28:08] local.INFO: User 1 with ID - 1 just added the new component info with ID - 28  
[2024-06-25 10:28:58] local.INFO: User 1 with ID - 1 just added the new component info with ID - 29  
[2024-06-25 10:29:39] local.INFO: User 1 with ID - 1 just updated the component info ID - 27  
[2024-06-25 10:29:55] local.INFO: User 1 with ID - 1 just updated the component info ID - 26  
[2024-06-25 10:30:56] local.INFO: User 1 with ID - 1 just added a new brand with ID - 31  
[2024-06-25 10:31:34] local.INFO: User 1 with ID - 1 just added a new model with ID - 45  
[2024-06-25 10:31:54] local.INFO: User 1 with ID - 1 just added a new model with ID - 46  
[2024-06-25 10:32:13] local.INFO: User 1 with ID - 1 just added a new model with ID - 47  
[2024-06-25 10:33:09] local.INFO: User 1 with ID - 1 just added a new model with ID - 48  
[2024-06-25 10:34:38] local.INFO: User 1 with ID - 1 just added the new component info with ID - 30  
[2024-06-25 10:35:27] local.INFO: User 1 with ID - 1 just added the new component info with ID - 31  
[2024-06-25 10:36:11] local.INFO: User 1 with ID - 1 just added the new component info with ID - 32  
[2024-06-25 10:37:04] local.INFO: User 1 with ID - 1 just added the new component info with ID - 33  
[2024-06-25 10:49:20] local.INFO: User 1 with ID - 1 just updated the model name - ID 45...  
[2024-06-25 10:49:43] local.INFO: User 1 with ID - 1 just updated the model name - ID 46...  
[2024-06-25 10:50:02] local.INFO: User 1 with ID - 1 just updated the model name - ID 47...  
[2024-06-25 10:50:33] local.INFO: User 1 with ID - 1 just updated the model name - ID 48...  
[2024-06-25 10:53:58] local.INFO: User 1 with ID - 1 just updated the model name - ID 45...  
[2024-06-25 10:54:24] local.INFO: User 1 with ID - 1 just updated the model name - ID 46...  
[2024-06-25 10:54:38] local.INFO: User 1 with ID - 1 just updated the model name - ID 47...  
[2024-06-25 10:54:57] local.INFO: User 1 with ID - 1 just updated the model name - ID 48...  
[2024-06-25 10:56:24] local.INFO: User 1 with ID - 1 just added a new model with ID - 49  
[2024-06-25 10:58:12] local.INFO: User 1 with ID - 1 just updated the component info ID - 30  
[2024-06-25 16:17:10] local.INFO: User 1 with ID - 1 just updated the model name - ID 22...  
[2024-06-25 16:50:06] local.INFO: User 1 with ID - 1 just added a new model with ID - 50  
[2024-06-25 16:50:33] local.INFO: User 1 with ID - 1 just added a new model with ID - 51  
[2024-06-25 16:50:55] local.INFO: User 1 with ID - 1 just added a new model with ID - 52  
[2024-06-25 16:52:33] local.INFO: User 1 with ID - 1 just added a new model with ID - 53  
[2024-06-25 16:53:28] local.INFO: User 1 with ID - 1 just added the new component info with ID - 34  
[2024-06-25 16:54:29] local.INFO: User 1 with ID - 1 just deleted the model ID - 18  
[2024-06-25 16:55:07] local.INFO: User 1 with ID - 1 just added the new component info with ID - 35  
[2024-06-25 16:56:03] local.INFO: User 1 with ID - 1 just added the new component info with ID - 36  
[2024-06-25 16:56:45] local.INFO: User 1 with ID - 1 just added the new component info with ID - 37  
[2024-06-25 17:13:24] local.INFO: User 1 with ID - 1 just deleted the component ID - 2  
[2024-06-25 17:23:15] local.INFO: User 1 with ID - 1 just updated the model name - ID 22...  
