[2024-05-30 16:51:45] local.INFO: User 1 with ID - 1 just added a new SKU with ID - 1  
[2024-05-30 16:51:57] local.INFO: User 1 with ID - 1 just added a new SKU with ID - 2  
[2024-05-30 16:52:13] local.INFO: User 1 with ID - 1 just added a new brand with ID - 1  
[2024-05-30 16:52:35] local.INFO: User 1 with ID - 1 just updated the brand name - ID 1...  
[2024-05-30 16:52:49] local.INFO: User 1 with ID - 1 just added a new brand with ID - 2  
[2024-05-30 16:53:27] local.INFO: User 1 with ID - 1 just added a new model with ID - 1  
[2024-05-30 16:53:38] local.INFO: User 1 with ID - 1 just added a new model with ID - 2  
[2024-05-30 16:53:47] local.INFO: User 1 with ID - 1 just added a new model with ID - 3  
[2024-05-30 16:54:04] local.INFO: User 1 with ID - 1 just added a new model with ID - 4  
[2024-05-30 16:54:16] local.INFO: User 1 with ID - 1 just added a new model with ID - 5  
[2024-05-30 16:56:34] local.INFO: User 1 with ID - 1 just added the new component info with ID - 1  
[2024-05-30 16:56:58] local.INFO: User 1 with ID - 1 just updated the component info ID - 1  
[2024-05-30 17:00:20] local.INFO: User 1 with ID - 1 just added the new component info with ID - 2  
[2024-05-30 17:01:17] local.INFO: User 1 with ID - 1 just updated the component info ID - 1  
[2024-05-30 17:01:33] local.INFO: User 1 with ID - 1 just updated the component info ID - 2  
[2024-05-30 17:02:32] local.INFO: User 1 with ID - 1 just updated the component info ID - 2  
[2024-05-30 17:03:34] local.INFO: User 1 with ID - 1 just added the new asset with ID - 1  
[2024-05-30 17:04:46] local.INFO: User 1 with ID - 1 just added the new asset with ID - 1  
[2024-05-30 17:21:18] local.INFO: User 1 with ID - 1 just added the new asset with ID - 1  
[2024-05-30 17:22:16] local.ERROR: Invalid route attempt: js/popper.js.map by user ID: 1  
[2024-05-30 17:26:14] local.ERROR: Invalid route attempt: js/popper.js.map by user ID: 1  
[2024-05-30 17:28:08] local.ERROR: Invalid route attempt: js/popper.js.map by user ID: 1  
[2024-05-30 17:29:53] local.ERROR: Invalid route attempt: js/popper.js.map by user ID: 1  
[2024-05-30 17:30:05] local.ERROR: Invalid route attempt: js/popper.js.map by user ID: 1  
[2024-05-30 17:35:48] local.ERROR: Invalid route attempt: js/popper.js.map by user ID: 1  
[2024-05-30 17:36:27] local.ERROR: Invalid route attempt: js/popper.js.map by user ID: 1  
[2024-05-30 17:37:10] local.ERROR: Invalid route attempt: js/popper.js.map by user ID: 1  
[2024-05-30 17:39:22] local.ERROR: Invalid route attempt: js/popper.js.map by user ID: 1  
[2024-05-30 17:40:55] local.ERROR: Invalid route attempt: js/popper.js.map by user ID: 1  
[2024-05-30 17:42:37] local.ERROR: Invalid route attempt: js/popper.js.map by user ID: 1  
[2024-05-30 17:44:11] local.ERROR: Invalid route attempt: js/popper.js.map by user ID: 1  
[2024-05-30 17:44:52] local.ERROR: Invalid route attempt: js/popper.js.map by user ID: 1  
[2024-05-30 17:45:09] local.ERROR: Invalid route attempt: js/popper.js.map by user ID: 1  
[2024-05-30 17:49:51] local.ERROR: Invalid route attempt: js/popper.js.map by user ID: 1  
[2024-05-30 17:50:32] local.ERROR: Invalid route attempt: js/popper.js.map by user ID: 1  
[2024-05-30 17:51:09] local.ERROR: Invalid route attempt: js/popper.js.map by user ID: 1  
[2024-05-30 17:51:51] local.ERROR: Invalid route attempt: js/popper.js.map by user ID: 1  
[2024-05-30 17:52:14] local.ERROR: Invalid route attempt: js/popper.js.map by user ID: 1  
[2024-05-30 17:53:24] local.ERROR: Invalid route attempt: js/popper.js.map by user ID: 1  
[2024-05-30 17:54:13] local.ERROR: Invalid route attempt: js/popper.js.map by user ID: 1  
[2024-05-30 17:55:00] local.ERROR: Invalid route attempt: js/popper.js.map by user ID: 1  
[2024-05-30 17:58:30] local.ERROR: Invalid route attempt: js/popper.js.map by user ID: 1  
[2024-05-30 17:58:49] local.ERROR: Invalid route attempt: js/popper.js.map by user ID: 1  
[2024-05-30 17:59:23] local.ERROR: Invalid route attempt: js/popper.js.map by user ID: 1  
[2024-05-30 18:00:55] local.ERROR: Invalid route attempt: js/popper.js.map by user ID: 1  
[2024-05-30 18:01:28] local.ERROR: Invalid route attempt: js/popper.js.map by user ID: 1  
[2024-05-30 18:02:44] local.ERROR: Invalid route attempt: js/popper.js.map by user ID: 1  
[2024-05-30 18:03:28] local.ERROR: Invalid route attempt: js/popper.js.map by user ID: 1  
[2024-05-30 18:06:36] local.ERROR: Invalid route attempt: js/popper.js.map by user ID: 1  
[2024-05-30 18:07:01] local.ERROR: Invalid route attempt: js/popper.js.map by user ID: 1  
[2024-05-30 18:07:22] local.ERROR: Invalid route attempt: js/popper.js.map by user ID: 1  
[2024-05-30 18:07:55] local.ERROR: Invalid route attempt: js/popper.js.map by user ID: 1  
[2024-05-30 18:08:45] local.ERROR: Invalid route attempt: js/popper.js.map by user ID: 1  
[2024-05-30 18:09:07] local.ERROR: Invalid route attempt: js/popper.js.map by user ID: 1  
[2024-05-30 18:13:14] local.ERROR: Invalid route attempt: js/popper.js.map by user ID: 1  
[2024-05-30 18:14:32] local.ERROR: Invalid route attempt: js/popper.js.map by user ID: 1  
[2024-05-30 18:18:27] local.ERROR: Invalid route attempt: checkcheck by user ID: 1  
[2024-05-30 18:28:03] local.INFO: User 1 with ID - 1 just updated the component info ID - 1  
